#
# There is insufficient memory for the Java Runtime Environment to continue.
# Native memory allocation (malloc) failed to allocate 1119376 bytes for Chunk::new
# Possible reasons:
#   The system is out of physical RAM or swap space
#   The process is running with CompressedOops enabled, and the Java Heap may be blocking the growth of the native heap
# Possible solutions:
#   Reduce memory load on the system
#   Increase physical memory or swap space
#   Check if swap backing store is full
#   Decrease Java heap size (-Xmx/-Xms)
#   Decrease number of Java threads
#   Decrease Java thread stack sizes (-Xss)
#   Set larger code cache with -XX:ReservedCodeCacheSize=
#   JVM is running with Zero Based Compressed Oops mode in which the Java heap is
#     placed in the first 32GB address space. The Java Heap base address is the
#     maximum limit for the native heap growth. Please use -XX:HeapBaseMinAddress
#     to set the Java Heap base and to place the Java Heap above 32GB virtual address.
# This output file may be truncated or incomplete.
#
#  Out of Memory Error (arena.cpp:189), pid=4076, tid=15824
#
# JRE version: Java(TM) SE Runtime Environment (17.0.12+8) (build 17.0.12+8-LTS-286)
# Java VM: Java HotSpot(TM) 64-Bit Server VM (17.0.12+8-LTS-286, mixed mode, sharing, tiered, compressed oops, compressed class ptrs, g1 gc, windows-amd64)
# No core dump will be written. Minidumps are not enabled by default on client versions of Windows
#

---------------  S U M M A R Y ------------

Command Line: -Dfile.encoding=UTF-8 -Dstdout.encoding=UTF-8 -Dstderr.encoding=UTF-8 -XX:+ShowCodeDetailsInExceptionMessages com.tka.sams.api.SamsTrackApplication

Host: AMD Ryzen 7 5700U with Radeon Graphics         , 16 cores, 15G,  Windows 11 , 64 bit Build 26100 (10.0.26100.8737)
Time: Thu Jun 25 22:16:06 2026 India Standard Time elapsed time: 70.799638 seconds (0d 0h 1m 10s)

---------------  T H R E A D  ---------------

Current thread (0x000001be97372f90):  JavaThread "C2 CompilerThread0" daemon [_thread_in_native, id=15824, stack(0x0000000edae00000,0x0000000edaf00000)]


Current CompileTask:
C2:  70800 5783       4       java.util.TreeMap::put (221 bytes)

Stack: [0x0000000edae00000,0x0000000edaf00000]
Native frames: (J=compiled Java code, j=interpreted, Vv=VM code, C=native code)
V  [jvm.dll+0x67a04a]
V  [jvm.dll+0x7da4ed]
V  [jvm.dll+0x7dbe33]
V  [jvm.dll+0x7dc4a3]
V  [jvm.dll+0x24508f]
V  [jvm.dll+0xab773]
V  [jvm.dll+0xabd3c]
V  [jvm.dll+0x361bee]
V  [jvm.dll+0x32c431]
V  [jvm.dll+0x32b8ca]
V  [jvm.dll+0x21683f]
V  [jvm.dll+0x215c6f]
V  [jvm.dll+0x1a2960]
V  [jvm.dll+0x22610b]
V  [jvm.dll+0x2242ab]
V  [jvm.dll+0x79075c]
V  [jvm.dll+0x78abea]
V  [jvm.dll+0x678f35]
C  [ucrtbase.dll+0x2cd30]
C  [KERNEL32.DLL+0x2e957]
C  [ntdll.dll+0xaad6c]


---------------  P R O C E S S  ---------------

Threads class SMR info:
_java_thread_list=0x000001beddb911b0, length=21, elements={
0x000001be97352670, 0x000001be97353030, 0x000001be97362160, 0x000001be97365a50,
0x000001be97366320, 0x000001be97367a20, 0x000001be97372f90, 0x000001be973875a0,
0x000001be97398510, 0x000001be97398a20, 0x000001be97398f30, 0x000001be9739ad90,
0x000001be9739b2a0, 0x000001be97397af0, 0x000001bee2075260, 0x000001bee20770c0,
0x000001bee2075c80, 0x000001bee20775d0, 0x000001bee2076190, 0x000001bee2074330,
0x000001bee2077ae0
}

Java Threads: ( => current thread )
  0x000001be97352670 JavaThread "Reference Handler" daemon [_thread_blocked, id=22440, stack(0x0000000eda800000,0x0000000eda900000)]
  0x000001be97353030 JavaThread "Finalizer" daemon [_thread_blocked, id=22076, stack(0x0000000eda900000,0x0000000edaa00000)]
  0x000001be97362160 JavaThread "Signal Dispatcher" daemon [_thread_blocked, id=13504, stack(0x0000000edaa00000,0x0000000edab00000)]
  0x000001be97365a50 JavaThread "Attach Listener" daemon [_thread_blocked, id=27676, stack(0x0000000edab00000,0x0000000edac00000)]
  0x000001be97366320 JavaThread "Service Thread" daemon [_thread_blocked, id=18028, stack(0x0000000edac00000,0x0000000edad00000)]
  0x000001be97367a20 JavaThread "Monitor Deflation Thread" daemon [_thread_blocked, id=13608, stack(0x0000000edad00000,0x0000000edae00000)]
=>0x000001be97372f90 JavaThread "C2 CompilerThread0" daemon [_thread_in_native, id=15824, stack(0x0000000edae00000,0x0000000edaf00000)]
  0x000001be973875a0 JavaThread "C1 CompilerThread0" daemon [_thread_blocked, id=20192, stack(0x0000000edaf00000,0x0000000edb000000)]
  0x000001be97398510 JavaThread "Sweeper thread" daemon [_thread_blocked, id=22776, stack(0x0000000edb000000,0x0000000edb100000)]
  0x000001be97398a20 JavaThread "Notification Thread" daemon [_thread_blocked, id=23364, stack(0x0000000edb200000,0x0000000edb300000)]
  0x000001be97398f30 JavaThread "Common-Cleaner" daemon [_thread_blocked, id=20552, stack(0x0000000edb400000,0x0000000edb500000)]
  0x000001be9739ad90 JavaThread "Catalina-utility-1" [_thread_blocked, id=13708, stack(0x0000000edcb00000,0x0000000edcc00000)]
  0x000001be9739b2a0 JavaThread "Catalina-utility-2" [_thread_blocked, id=26444, stack(0x0000000edcc00000,0x0000000edcd00000)]
  0x000001be97397af0 JavaThread "container-0" [_thread_blocked, id=21928, stack(0x0000000edcd00000,0x0000000edce00000)]
  0x000001bee2075260 JavaThread "mysql-cj-abandoned-connection-cleanup" daemon [_thread_blocked, id=14580, stack(0x0000000edce00000,0x0000000edcf00000)]
  0x000001bee20770c0 JavaThread "HikariPool-1 housekeeper" daemon [_thread_blocked, id=25388, stack(0x0000000edc900000,0x0000000edca00000)]
  0x000001bee2075c80 JavaThread "File Watcher" daemon [_thread_blocked, id=21236, stack(0x0000000edd200000,0x0000000edd300000)]
  0x000001bee20775d0 JavaThread "Live Reload Server" daemon [_thread_in_native, id=12588, stack(0x0000000edd400000,0x0000000edd500000)]
  0x000001bee2076190 JavaThread "http-nio-8080-Poller" daemon [_thread_in_native, id=17872, stack(0x0000000edd300000,0x0000000edd400000)]
  0x000001bee2074330 JavaThread "http-nio-8080-Acceptor" daemon [_thread_in_native, id=12284, stack(0x0000000edd500000,0x0000000edd600000)]
  0x000001bee2077ae0 JavaThread "DestroyJavaVM" [_thread_blocked, id=27540, stack(0x0000000eda100000,0x0000000eda200000)]

Other Threads:
  0x000001be97346bb0 VMThread "VM Thread" [stack: 0x0000000eda700000,0x0000000eda800000] [id=26268]
  0x000001bef3fbc650 WatcherThread [stack: 0x0000000edb300000,0x0000000edb400000] [id=13232]
  0x000001bef3f8fb20 GCTaskThread "GC Thread#0" [stack: 0x0000000eda200000,0x0000000eda300000] [id=6508]
  0x000001bedda1b020 GCTaskThread "GC Thread#1" [stack: 0x0000000edba00000,0x0000000edbb00000] [id=19476]
  0x000001bedd95e2e0 GCTaskThread "GC Thread#2" [stack: 0x0000000edbb00000,0x0000000edbc00000] [id=30500]
  0x000001bedd95f230 GCTaskThread "GC Thread#3" [stack: 0x0000000edbc00000,0x0000000edbd00000] [id=5916]
  0x000001bedda44010 GCTaskThread "GC Thread#4" [stack: 0x0000000edbd00000,0x0000000edbe00000] [id=9988]
  0x000001bedd94f8f0 GCTaskThread "GC Thread#5" [stack: 0x0000000edbe00000,0x0000000edbf00000] [id=22184]
  0x000001bedda3de60 GCTaskThread "GC Thread#6" [stack: 0x0000000edbf00000,0x0000000edc000000] [id=20076]
  0x000001beddbf6c90 GCTaskThread "GC Thread#7" [stack: 0x0000000edc200000,0x0000000edc300000] [id=22780]
  0x000001beddb36e10 GCTaskThread "GC Thread#8" [stack: 0x0000000edc300000,0x0000000edc400000] [id=9096]
  0x000001beddbcf040 GCTaskThread "GC Thread#9" [stack: 0x0000000edc400000,0x0000000edc500000] [id=17336]
  0x000001bedf6180f0 GCTaskThread "GC Thread#10" [stack: 0x0000000edc100000,0x0000000edc200000] [id=25916]
  0x000001bedeb258d0 GCTaskThread "GC Thread#11" [stack: 0x0000000edc500000,0x0000000edc600000] [id=25932]
  0x000001bede550240 GCTaskThread "GC Thread#12" [stack: 0x0000000edc600000,0x0000000edc700000] [id=19024]
  0x000001bef3fa11a0 ConcurrentGCThread "G1 Main Marker" [stack: 0x0000000eda300000,0x0000000eda400000] [id=16008]
  0x000001bef3fa5de0 ConcurrentGCThread "G1 Conc#0" [stack: 0x0000000eda400000,0x0000000eda500000] [id=25228]
  0x000001bededac030 ConcurrentGCThread "G1 Conc#1" [stack: 0x0000000edc700000,0x0000000edc800000] [id=19684]
  0x000001bededacb30 ConcurrentGCThread "G1 Conc#2" [stack: 0x0000000edc800000,0x0000000edc900000] [id=16024]
  0x000001be97200650 ConcurrentGCThread "G1 Refine#0" [stack: 0x0000000eda500000,0x0000000eda600000] [id=19892]
  0x000001be97200d30 ConcurrentGCThread "G1 Service" [stack: 0x0000000eda600000,0x0000000eda700000] [id=11688]

Threads with active compile tasks:
C2 CompilerThread0    70906 5783       4       java.util.TreeMap::put (221 bytes)

VM state: not at safepoint (normal execution)

VM Mutex/Monitor currently owned by a thread: None

Heap address: 0x000000070a400000, size: 3932 MB, Compressed Oops mode: Zero based, Oop shift amount: 3

CDS archive(s) mapped at: [0x000001be98000000-0x000001be98bd0000-0x000001be98bd0000), size 12386304, SharedBaseAddress: 0x000001be98000000, ArchiveRelocationMode: 1.
Compressed class space mapped at: 0x000001be99000000-0x000001bed9000000, reserved size: 1073741824
Narrow klass base: 0x000001be98000000, Narrow klass shift: 0, Narrow klass range: 0x100000000

GC Precious Log:
 CPUs: 16 total, 16 available
 Memory: 15720M
 Large Page Support: Disabled
 NUMA Support: Disabled
 Compressed Oops: Enabled (Zero based)
 Heap Region Size: 2M
 Heap Min Capacity: 8M
 Heap Initial Capacity: 246M
 Heap Max Capacity: 3932M
 Pre-touch: Disabled
 Parallel Workers: 13
 Concurrent Workers: 3
 Concurrent Refinement Workers: 13
 Periodic GC: Disabled

Heap:
 garbage-first heap   total 81920K, used 56379K [0x000000070a400000, 0x0000000800000000)
  region size 2048K, 20 young (40960K), 1 survivors (2048K)
 Metaspace       used 51675K, committed 52032K, reserved 1114112K
  class space    used 6848K, committed 7040K, reserved 1048576K

Heap Regions: E=young(eden), S=young(survivor), O=old, HS=humongous(starts), HC=humongous(continues), CS=collection set, F=free, OA=open archive, CA=closed archive, TAMS=top-at-mark-start (previous, next)
|   0|0x000000070a400000, 0x000000070a600000, 0x000000070a600000|100%| O|  |TAMS 0x000000070a600000, 0x000000070a400000| Untracked 
|   1|0x000000070a600000, 0x000000070a800000, 0x000000070a800000|100%| O|  |TAMS 0x000000070a800000, 0x000000070a600000| Untracked 
|   2|0x000000070a800000, 0x000000070aa00000, 0x000000070aa00000|100%| O|  |TAMS 0x000000070aa00000, 0x000000070a800000| Untracked 
|   3|0x000000070aa00000, 0x000000070ac00000, 0x000000070ac00000|100%| O|  |TAMS 0x000000070ac00000, 0x000000070aa00000| Untracked 
|   4|0x000000070ac00000, 0x000000070ae00000, 0x000000070ae00000|100%| O|  |TAMS 0x000000070ae00000, 0x000000070ac00000| Untracked 
|   5|0x000000070ae00000, 0x000000070b000000, 0x000000070b000000|100%| O|  |TAMS 0x000000070b000000, 0x000000070ae00000| Untracked 
|   6|0x000000070b000000, 0x000000070b200000, 0x000000070b200000|100%| O|  |TAMS 0x000000070b200000, 0x000000070b000000| Untracked 
|   7|0x000000070b200000, 0x000000070b200000, 0x000000070b400000|  0%| F|  |TAMS 0x000000070b200000, 0x000000070b200000| Untracked 
|   8|0x000000070b400000, 0x000000070b600000, 0x000000070b600000|100%| O|  |TAMS 0x000000070b600000, 0x000000070b400000| Untracked 
|   9|0x000000070b600000, 0x000000070b800000, 0x000000070b800000|100%| O|  |TAMS 0x000000070b800000, 0x000000070b600000| Untracked 
|  10|0x000000070b800000, 0x000000070b824600, 0x000000070ba00000|  7%| O|  |TAMS 0x000000070b824600, 0x000000070b800000| Complete 
|  11|0x000000070ba00000, 0x000000070ba00000, 0x000000070bc00000|  0%| F|  |TAMS 0x000000070ba00000, 0x000000070ba00000| Untracked 
|  12|0x000000070bc00000, 0x000000070bc00000, 0x000000070be00000|  0%| F|  |TAMS 0x000000070bc00000, 0x000000070bc00000| Untracked 
|  13|0x000000070be00000, 0x000000070be00000, 0x000000070c000000|  0%| F|  |TAMS 0x000000070be00000, 0x000000070be00000| Untracked 
|  14|0x000000070c000000, 0x000000070c000000, 0x000000070c200000|  0%| F|  |TAMS 0x000000070c000000, 0x000000070c000000| Untracked 
|  15|0x000000070c200000, 0x000000070c2ea968, 0x000000070c400000| 45%| S|CS|TAMS 0x000000070c200000, 0x000000070c200000| Complete 
|  16|0x000000070c400000, 0x000000070c400000, 0x000000070c600000|  0%| F|  |TAMS 0x000000070c400000, 0x000000070c400000| Untracked 
|  17|0x000000070c600000, 0x000000070c600000, 0x000000070c800000|  0%| F|  |TAMS 0x000000070c600000, 0x000000070c600000| Untracked 
|  18|0x000000070c800000, 0x000000070c800000, 0x000000070ca00000|  0%| F|  |TAMS 0x000000070c800000, 0x000000070c800000| Untracked 
|  19|0x000000070ca00000, 0x000000070ca00000, 0x000000070cc00000|  0%| F|  |TAMS 0x000000070ca00000, 0x000000070ca00000| Untracked 
|  20|0x000000070cc00000, 0x000000070cc00000, 0x000000070ce00000|  0%| F|  |TAMS 0x000000070cc00000, 0x000000070cc00000| Untracked 
|  21|0x000000070ce00000, 0x000000070cf27078, 0x000000070d000000| 57%| E|  |TAMS 0x000000070ce00000, 0x000000070ce00000| Complete 
|  22|0x000000070d000000, 0x000000070d200000, 0x000000070d200000|100%| E|CS|TAMS 0x000000070d000000, 0x000000070d000000| Complete 
|  23|0x000000070d200000, 0x000000070d400000, 0x000000070d400000|100%| E|CS|TAMS 0x000000070d200000, 0x000000070d200000| Complete 
|  24|0x000000070d400000, 0x000000070d600000, 0x000000070d600000|100%| E|CS|TAMS 0x000000070d400000, 0x000000070d400000| Complete 
|  25|0x000000070d600000, 0x000000070d800000, 0x000000070d800000|100%| E|CS|TAMS 0x000000070d600000, 0x000000070d600000| Complete 
|  26|0x000000070d800000, 0x000000070da00000, 0x000000070da00000|100%| E|CS|TAMS 0x000000070d800000, 0x000000070d800000| Complete 
|  27|0x000000070da00000, 0x000000070dc00000, 0x000000070dc00000|100%| E|CS|TAMS 0x000000070da00000, 0x000000070da00000| Complete 
|  28|0x000000070dc00000, 0x000000070de00000, 0x000000070de00000|100%| E|CS|TAMS 0x000000070dc00000, 0x000000070dc00000| Complete 
|  29|0x000000070de00000, 0x000000070e000000, 0x000000070e000000|100%| E|CS|TAMS 0x000000070de00000, 0x000000070de00000| Complete 
|  30|0x000000070e000000, 0x000000070e200000, 0x000000070e200000|100%| E|CS|TAMS 0x000000070e000000, 0x000000070e000000| Complete 
|  31|0x000000070e200000, 0x000000070e400000, 0x000000070e400000|100%| E|CS|TAMS 0x000000070e200000, 0x000000070e200000| Complete 
|  32|0x000000070e400000, 0x000000070e600000, 0x000000070e600000|100%| E|CS|TAMS 0x000000070e400000, 0x000000070e400000| Complete 
|  33|0x000000070e600000, 0x000000070e800000, 0x000000070e800000|100%| E|CS|TAMS 0x000000070e600000, 0x000000070e600000| Complete 
|  34|0x000000070e800000, 0x000000070ea00000, 0x000000070ea00000|100%| E|CS|TAMS 0x000000070e800000, 0x000000070e800000| Complete 
|  35|0x000000070ea00000, 0x000000070ec00000, 0x000000070ec00000|100%| E|CS|TAMS 0x000000070ea00000, 0x000000070ea00000| Complete 
|  36|0x000000070ec00000, 0x000000070ee00000, 0x000000070ee00000|100%| E|CS|TAMS 0x000000070ec00000, 0x000000070ec00000| Complete 
|  37|0x000000070ee00000, 0x000000070f000000, 0x000000070f000000|100%| E|CS|TAMS 0x000000070ee00000, 0x000000070ee00000| Complete 
|  38|0x000000070f000000, 0x000000070f200000, 0x000000070f200000|100%| E|CS|TAMS 0x000000070f000000, 0x000000070f000000| Complete 
| 122|0x0000000719800000, 0x0000000719a00000, 0x0000000719a00000|100%| E|CS|TAMS 0x0000000719800000, 0x0000000719800000| Complete 

Card table byte_map: [0x000001befc820000,0x000001befcfd0000] _byte_map_base: 0x000001bef8fce000

Marking Bits (Prev, Next): (CMBitMap*) 0x000001bef3f91190, (CMBitMap*) 0x000001bef3f91150
 Prev Bits: [0x000001be92d70000, 0x000001be96ae0000)
 Next Bits: [0x000001be8f000000, 0x000001be92d70000)

Polling page: 0x000001bef36f0000

Metaspace:

Usage:
  Non-class:     43.78 MB used.
      Class:      6.69 MB used.
       Both:     50.46 MB used.

Virtual space:
  Non-class space:       64.00 MB reserved,      43.94 MB ( 69%) committed,  1 nodes.
      Class space:        1.00 GB reserved,       6.88 MB ( <1%) committed,  1 nodes.
             Both:        1.06 GB reserved,      50.81 MB (  5%) committed. 

Chunk freelists:
   Non-Class:  3.69 MB
       Class:  8.98 MB
        Both:  12.66 MB

MaxMetaspaceSize: unlimited
CompressedClassSpaceSize: 1.00 GB
Initial GC threshold: 21.00 MB
Current GC threshold: 76.19 MB
CDS: on
MetaspaceReclaimPolicy: balanced
 - commit_granule_bytes: 65536.
 - commit_granule_words: 8192.
 - virtual_space_node_default_size: 8388608.
 - enlarge_chunks_in_place: 1.
 - new_chunks_are_fully_committed: 0.
 - uncommit_free_chunks: 1.
 - use_allocation_guard: 0.
 - handle_deallocations: 1.


Internal statistics:

num_allocs_failed_limit: 9.
num_arena_births: 440.
num_arena_deaths: 0.
num_vsnodes_births: 2.
num_vsnodes_deaths: 0.
num_space_committed: 813.
num_space_uncommitted: 0.
num_chunks_returned_to_freelist: 9.
num_chunks_taken_from_freelist: 2207.
num_chunk_merges: 3.
num_chunk_splits: 1528.
num_chunks_enlarged: 1179.
num_inconsistent_stats: 0.

CodeHeap 'non-profiled nmethods': size=119168Kb used=3582Kb max_used=3582Kb free=115585Kb
 bounds [0x000001be87ba0000, 0x000001be87f20000, 0x000001be8f000000]
CodeHeap 'profiled nmethods': size=119104Kb used=10604Kb max_used=10698Kb free=108499Kb
 bounds [0x000001be80000000, 0x000001be80aa0000, 0x000001be87450000]
CodeHeap 'non-nmethods': size=7488Kb used=1313Kb max_used=3011Kb free=6174Kb
 bounds [0x000001be87450000, 0x000001be87750000, 0x000001be87ba0000]
 total_blobs=5656 nmethods=5018 adapters=550
 compilation: enabled
              stopped_count=0, restarted_count=0
 full_count=0

Compilation events (20 events):
Event: 57.754 Thread 0x000001be973875a0 nmethod 5774 0x000001be80675a90 code [0x000001be80675c40, 0x000001be80675ee8]
Event: 58.429 Thread 0x000001be97372f90 5775       4       java.util.concurrent.locks.AbstractQueuedSynchronizer::release (19 bytes)
Event: 58.434 Thread 0x000001be97372f90 nmethod 5775 0x000001be87d93590 code [0x000001be87d93720, 0x000001be87d93918]
Event: 58.756 Thread 0x000001be973875a0 5776       3       java.util.concurrent.locks.AbstractQueuedSynchronizer$ConditionObject::canReacquire (28 bytes)
Event: 58.756 Thread 0x000001be973875a0 nmethod 5776 0x000001be80675410 code [0x000001be806755c0, 0x000001be80675918]
Event: 59.754 Thread 0x000001be973875a0 5777       3       java.util.concurrent.locks.ReentrantLock$Sync::isHeldExclusively (16 bytes)
Event: 59.755 Thread 0x000001be973875a0 nmethod 5777 0x000001be80675010 code [0x000001be806751a0, 0x000001be80675338]
Event: 63.741 Thread 0x000001be973875a0 5778       3       java.util.concurrent.ScheduledThreadPoolExecutor$ScheduledFutureTask::compareTo (9 bytes)
Event: 63.741 Thread 0x000001be973875a0 nmethod 5778 0x000001be80674910 code [0x000001be80674ac0, 0x000001be80674d28]
Event: 63.741 Thread 0x000001be973875a0 5779       3       java.util.concurrent.ScheduledThreadPoolExecutor$ScheduledFutureTask::compareTo (101 bytes)
Event: 63.742 Thread 0x000001be973875a0 nmethod 5779 0x000001be8016b510 code [0x000001be8016b720, 0x000001be8016be98]
Event: 64.744 Thread 0x000001be973875a0 5780       3       jdk.internal.misc.Unsafe::getAndBitwiseAndInt (27 bytes)
Event: 64.745 Thread 0x000001be973875a0 nmethod 5780 0x000001be8016b010 code [0x000001be8016b1c0, 0x000001be8016b408]
Event: 65.801 Thread 0x000001be973875a0 5781       3       java.util.concurrent.locks.AbstractQueuedSynchronizer$Node::getAndUnsetStatus (14 bytes)
Event: 65.802 Thread 0x000001be973875a0 nmethod 5781 0x000001be8016aa90 code [0x000001be8016ac40, 0x000001be8016af08]
Event: 68.537 Thread 0x000001be973875a0 5782       1       java.util.concurrent.locks.ReentrantReadWriteLock::readLock (5 bytes)
Event: 68.537 Thread 0x000001be973875a0 nmethod 5782 0x000001be87d93290 code [0x000001be87d93420, 0x000001be87d934f8]
Event: 68.537 Thread 0x000001be97372f90 5783       4       java.util.TreeMap::put (221 bytes)
Event: 70.748 Thread 0x000001be973875a0 5784       3       java.util.concurrent.locks.LockSupport::setBlocker (12 bytes)
Event: 70.749 Thread 0x000001be973875a0 nmethod 5784 0x000001be8016a610 code [0x000001be8016a7c0, 0x000001be8016a9c8]

GC Heap History (20 events):
Event: 2.838 GC heap before
{Heap before GC invocations=1 (full 0):
 garbage-first heap   total 251904K, used 30584K [0x000000070a400000, 0x0000000800000000)
  region size 2048K, 15 young (30720K), 2 survivors (4096K)
 Metaspace       used 11815K, committed 12032K, reserved 1114112K
  class space    used 1407K, committed 1472K, reserved 1048576K
}
Event: 2.849 GC heap after
{Heap after GC invocations=2 (full 0):
 garbage-first heap   total 251904K, used 7849K [0x000000070a400000, 0x0000000800000000)
  region size 2048K, 1 young (2048K), 1 survivors (2048K)
 Metaspace       used 11815K, committed 12032K, reserved 1114112K
  class space    used 1407K, committed 1472K, reserved 1048576K
}
Event: 6.096 GC heap before
{Heap before GC invocations=2 (full 0):
 garbage-first heap   total 251904K, used 67241K [0x000000070a400000, 0x0000000800000000)
  region size 2048K, 31 young (63488K), 1 survivors (2048K)
 Metaspace       used 21250K, committed 21504K, reserved 1114112K
  class space    used 2654K, committed 2752K, reserved 1048576K
}
Event: 6.108 GC heap after
{Heap after GC invocations=3 (full 0):
 garbage-first heap   total 251904K, used 11710K [0x000000070a400000, 0x0000000800000000)
  region size 2048K, 3 young (6144K), 3 survivors (6144K)
 Metaspace       used 21250K, committed 21504K, reserved 1114112K
  class space    used 2654K, committed 2752K, reserved 1048576K
}
Event: 8.040 GC heap before
{Heap before GC invocations=4 (full 0):
 garbage-first heap   total 49152K, used 34238K [0x000000070a400000, 0x0000000800000000)
  region size 2048K, 14 young (28672K), 3 survivors (6144K)
 Metaspace       used 25507K, committed 25856K, reserved 1114112K
  class space    used 3169K, committed 3328K, reserved 1048576K
}
Event: 8.053 GC heap after
{Heap after GC invocations=5 (full 0):
 garbage-first heap   total 49152K, used 14000K [0x000000070a400000, 0x0000000800000000)
  region size 2048K, 2 young (4096K), 2 survivors (4096K)
 Metaspace       used 25507K, committed 25856K, reserved 1114112K
  class space    used 3169K, committed 3328K, reserved 1048576K
}
Event: 8.189 GC heap before
{Heap before GC invocations=5 (full 0):
 garbage-first heap   total 49152K, used 16048K [0x000000070a400000, 0x0000000800000000)
  region size 2048K, 3 young (6144K), 2 survivors (4096K)
 Metaspace       used 25751K, committed 26048K, reserved 1114112K
  class space    used 3206K, committed 3328K, reserved 1048576K
}
Event: 8.198 GC heap after
{Heap after GC invocations=6 (full 0):
 garbage-first heap   total 49152K, used 14627K [0x000000070a400000, 0x0000000800000000)
  region size 2048K, 1 young (2048K), 1 survivors (2048K)
 Metaspace       used 25751K, committed 26048K, reserved 1114112K
  class space    used 3206K, committed 3328K, reserved 1048576K
}
Event: 9.865 GC heap before
{Heap before GC invocations=6 (full 0):
 garbage-first heap   total 49152K, used 28963K [0x000000070a400000, 0x0000000800000000)
  region size 2048K, 9 young (18432K), 1 survivors (2048K)
 Metaspace       used 29073K, committed 29312K, reserved 1114112K
  class space    used 3667K, committed 3776K, reserved 1048576K
}
Event: 9.871 GC heap after
{Heap after GC invocations=7 (full 0):
 garbage-first heap   total 49152K, used 15203K [0x000000070a400000, 0x0000000800000000)
  region size 2048K, 1 young (2048K), 1 survivors (2048K)
 Metaspace       used 29073K, committed 29312K, reserved 1114112K
  class space    used 3667K, committed 3776K, reserved 1048576K
}
Event: 11.212 GC heap before
{Heap before GC invocations=7 (full 0):
 garbage-first heap   total 49152K, used 31587K [0x000000070a400000, 0x0000000800000000)
  region size 2048K, 10 young (20480K), 1 survivors (2048K)
 Metaspace       used 35241K, committed 35584K, reserved 1114112K
  class space    used 4576K, committed 4736K, reserved 1048576K
}
Event: 11.223 GC heap after
{Heap after GC invocations=8 (full 0):
 garbage-first heap   total 49152K, used 17160K [0x000000070a400000, 0x0000000800000000)
  region size 2048K, 2 young (4096K), 2 survivors (4096K)
 Metaspace       used 35241K, committed 35584K, reserved 1114112K
  class space    used 4576K, committed 4736K, reserved 1048576K
}
Event: 11.294 GC heap before
{Heap before GC invocations=8 (full 0):
 garbage-first heap   total 49152K, used 17160K [0x000000070a400000, 0x0000000800000000)
  region size 2048K, 3 young (6144K), 2 survivors (4096K)
 Metaspace       used 35720K, committed 35968K, reserved 1114112K
  class space    used 4630K, committed 4736K, reserved 1048576K
}
Event: 11.299 GC heap after
{Heap after GC invocations=9 (full 0):
 garbage-first heap   total 49152K, used 17414K [0x000000070a400000, 0x0000000800000000)
  region size 2048K, 2 young (4096K), 2 survivors (4096K)
 Metaspace       used 35720K, committed 35968K, reserved 1114112K
  class space    used 4630K, committed 4736K, reserved 1048576K
}
Event: 12.753 GC heap before
{Heap before GC invocations=10 (full 0):
 garbage-first heap   total 49152K, used 33798K [0x000000070a400000, 0x0000000800000000)
  region size 2048K, 10 young (20480K), 2 survivors (4096K)
 Metaspace       used 41938K, committed 42240K, reserved 1114112K
  class space    used 5426K, committed 5568K, reserved 1048576K
}
Event: 12.758 GC heap after
{Heap after GC invocations=11 (full 0):
 garbage-first heap   total 49152K, used 18865K [0x000000070a400000, 0x0000000800000000)
  region size 2048K, 1 young (2048K), 1 survivors (2048K)
 Metaspace       used 41938K, committed 42240K, reserved 1114112K
  class space    used 5426K, committed 5568K, reserved 1048576K
}
Event: 12.918 GC heap before
{Heap before GC invocations=11 (full 0):
 garbage-first heap   total 49152K, used 20913K [0x000000070a400000, 0x0000000800000000)
  region size 2048K, 2 young (4096K), 1 survivors (2048K)
 Metaspace       used 42643K, committed 42944K, reserved 1114112K
  class space    used 5494K, committed 5632K, reserved 1048576K
}
Event: 12.923 GC heap after
{Heap after GC invocations=12 (full 0):
 garbage-first heap   total 49152K, used 18885K [0x000000070a400000, 0x0000000800000000)
  region size 2048K, 1 young (2048K), 1 survivors (2048K)
 Metaspace       used 42643K, committed 42944K, reserved 1114112K
  class space    used 5494K, committed 5632K, reserved 1048576K
}
Event: 14.089 GC heap before
{Heap before GC invocations=12 (full 0):
 garbage-first heap   total 49152K, used 31173K [0x000000070a400000, 0x0000000800000000)
  region size 2048K, 8 young (16384K), 1 survivors (2048K)
 Metaspace       used 46424K, committed 46720K, reserved 1114112K
  class space    used 6117K, committed 6272K, reserved 1048576K
}
Event: 14.097 GC heap after
{Heap after GC invocations=13 (full 0):
 garbage-first heap   total 151552K, used 19515K [0x000000070a400000, 0x0000000800000000)
  region size 2048K, 1 young (2048K), 1 survivors (2048K)
 Metaspace       used 46424K, committed 46720K, reserved 1114112K
  class space    used 6117K, committed 6272K, reserved 1048576K
}

Deoptimization events (20 events):
Event: 16.588 Thread 0x000001be97399440 Uncommon trap: trap_request=0xffffff45 fr.pc=0x000001be87d9231c relative=0x00000000000001bc
Event: 16.588 Thread 0x000001be97399440 Uncommon trap: reason=unstable_if action=reinterpret pc=0x000001be87d9231c method=org.springframework.core.annotation.AnnotationsScanner.isWithoutHierarchy(Ljava/lang/reflect/AnnotatedElement;Lorg/springframework/core/annotation/MergedAnnotations$SearchSt
Event: 16.588 Thread 0x000001be97399440 DEOPT PACKING pc=0x000001be87d9231c sp=0x0000000edb9fde90
Event: 16.588 Thread 0x000001be97399440 DEOPT UNPACKING pc=0x000001be874a23a3 sp=0x0000000edb9fde10 mode 2
Event: 16.781 Thread 0x000001be97399440 Uncommon trap: trap_request=0xffffff45 fr.pc=0x000001be87c2ca60 relative=0x0000000000000060
Event: 16.781 Thread 0x000001be97399440 Uncommon trap: reason=unstable_if action=reinterpret pc=0x000001be87c2ca60 method=org.springframework.util.ConcurrentReferenceHashMap$Segment.clear()V @ 7 c2
Event: 16.781 Thread 0x000001be97399440 DEOPT PACKING pc=0x000001be87c2ca60 sp=0x0000000edb9fe2f0
Event: 16.781 Thread 0x000001be97399440 DEOPT UNPACKING pc=0x000001be874a23a3 sp=0x0000000edb9fe280 mode 2
Event: 16.811 Thread 0x000001be97399440 Uncommon trap: trap_request=0xffffff45 fr.pc=0x000001be87ccea54 relative=0x00000000000001b4
Event: 16.811 Thread 0x000001be97399440 Uncommon trap: reason=unstable_if action=reinterpret pc=0x000001be87ccea54 method=java.util.IdentityHashMap.nextKeyIndex(II)I @ 4 c2
Event: 16.811 Thread 0x000001be97399440 DEOPT PACKING pc=0x000001be87ccea54 sp=0x0000000edb9fdf30
Event: 16.811 Thread 0x000001be97399440 DEOPT UNPACKING pc=0x000001be874a23a3 sp=0x0000000edb9fde38 mode 2
Event: 18.438 Thread 0x000001be9739ad90 Uncommon trap: trap_request=0xffffffbe fr.pc=0x000001be87c54500 relative=0x0000000000002760
Event: 18.438 Thread 0x000001be9739ad90 Uncommon trap: reason=profile_predicate action=maybe_recompile pc=0x000001be87c54500 method=java.util.TreeMap.put(Ljava/lang/Object;Ljava/lang/Object;Z)Ljava/lang/Object; @ 27 c2
Event: 18.438 Thread 0x000001be9739ad90 DEOPT PACKING pc=0x000001be87c54500 sp=0x0000000edcbfec40
Event: 18.438 Thread 0x000001be9739ad90 DEOPT UNPACKING pc=0x000001be874a23a3 sp=0x0000000edcbfec00 mode 2
Event: 18.438 Thread 0x000001be9739ad90 Uncommon trap: trap_request=0xffffffbe fr.pc=0x000001be87c54500 relative=0x0000000000002760
Event: 18.438 Thread 0x000001be9739ad90 Uncommon trap: reason=profile_predicate action=maybe_recompile pc=0x000001be87c54500 method=java.util.TreeMap.put(Ljava/lang/Object;Ljava/lang/Object;Z)Ljava/lang/Object; @ 27 c2
Event: 18.438 Thread 0x000001be9739ad90 DEOPT PACKING pc=0x000001be87c54500 sp=0x0000000edcbfec40
Event: 18.438 Thread 0x000001be9739ad90 DEOPT UNPACKING pc=0x000001be874a23a3 sp=0x0000000edcbfec00 mode 2

Classes unloaded (0 events):
No events

Classes redefined (0 events):
No events

Internal exceptions (20 events):
Event: 14.198 Thread 0x000001be97399440 Exception <a 'java/lang/NoSuchMethodError'{0x000000071997dac0}: 'java.lang.Object java.lang.invoke.DirectMethodHandle$Holder.invokeStaticInit(java.lang.Object, java.lang.Object, java.lang.Object, java.lang.Object, int, int)'> (0x000000071997dac0) 
thrown [s\open\src\hotspot\share\interpreter\linkResolver.cpp, line 759]
Event: 14.239 Thread 0x000001be97399440 Exception <a 'java/lang/NoSuchMethodError'{0x000000070f019bc0}: 'void java.lang.invoke.DirectMethodHandle$Holder.invokeStaticInit(java.lang.Object, java.lang.Object, java.lang.Object, java.lang.Object)'> (0x000000070f019bc0) 
thrown [s\open\src\hotspot\share\interpreter\linkResolver.cpp, line 759]
Event: 14.953 Thread 0x000001be97399440 Exception <a 'java/lang/ClassNotFoundException'{0x000000070e668fa8}: java/lang/ObjectCustomizer> (0x000000070e668fa8) 
thrown [s\open\src\hotspot\share\classfile\systemDictionary.cpp, line 256]
Event: 14.955 Thread 0x000001be97399440 Exception <a 'java/lang/ClassNotFoundException'{0x000000070e671300}: org/springframework/web/servlet/config/annotation/WebMvcConfigurationSupportCustomizer> (0x000000070e671300) 
thrown [s\open\src\hotspot\share\classfile\systemDictionary.cpp, line 256]
Event: 14.957 Thread 0x000001be97399440 Exception <a 'java/lang/ClassNotFoundException'{0x000000070e685a38}: org/springframework/web/servlet/config/annotation/DelegatingWebMvcConfigurationCustomizer> (0x000000070e685a38) 
thrown [s\open\src\hotspot\share\classfile\systemDictionary.cpp, line 256]
Event: 14.959 Thread 0x000001be97399440 Exception <a 'java/lang/ClassNotFoundException'{0x000000070e68f3e0}: org/springframework/boot/autoconfigure/web/servlet/WebMvcAutoConfiguration$EnableWebMvcConfigurationCustomizer> (0x000000070e68f3e0) 
thrown [s\open\src\hotspot\share\classfile\systemDictionary.cpp, line 256]
Event: 14.962 Thread 0x000001be97399440 Exception <a 'java/lang/ClassNotFoundException'{0x000000070e6a3008}: org/springframework/context/ResourceLoaderAwareCustomizer> (0x000000070e6a3008) 
thrown [s\open\src\hotspot\share\classfile\systemDictionary.cpp, line 256]
Event: 14.963 Thread 0x000001be97399440 Exception <a 'java/lang/ClassNotFoundException'{0x000000070e6a84e8}: org/springframework/beans/factory/AwareCustomizer> (0x000000070e6a84e8) 
thrown [s\open\src\hotspot\share\classfile\systemDictionary.cpp, line 256]
Event: 14.964 Thread 0x000001be97399440 Exception <a 'java/lang/ClassNotFoundException'{0x000000070e6acda8}: org/springframework/context/ApplicationContextAwareCustomizer> (0x000000070e6acda8) 
thrown [s\open\src\hotspot\share\classfile\systemDictionary.cpp, line 256]
Event: 14.965 Thread 0x000001be97399440 Exception <a 'java/lang/ClassNotFoundException'{0x000000070e6b2d78}: org/springframework/beans/factory/AwareCustomizer> (0x000000070e6b2d78) 
thrown [s\open\src\hotspot\share\classfile\systemDictionary.cpp, line 256]
Event: 14.966 Thread 0x000001be97399440 Exception <a 'java/lang/ClassNotFoundException'{0x000000070e6b7610}: org/springframework/web/context/ServletContextAwareCustomizer> (0x000000070e6b7610) 
thrown [s\open\src\hotspot\share\classfile\systemDictionary.cpp, line 256]
Event: 14.967 Thread 0x000001be97399440 Exception <a 'java/lang/ClassNotFoundException'{0x000000070e6bcf28}: org/springframework/beans/factory/AwareCustomizer> (0x000000070e6bcf28) 
thrown [s\open\src\hotspot\share\classfile\systemDictionary.cpp, line 256]
Event: 15.496 Thread 0x000001be97399440 Exception <a 'java/lang/NoSuchMethodError'{0x000000070e0f9320}: 'void java.lang.invoke.DirectMethodHandle$Holder.invokeVirtual(java.lang.Object, java.lang.Object, int)'> (0x000000070e0f9320) 
thrown [s\open\src\hotspot\share\interpreter\linkResolver.cpp, line 759]
Event: 15.515 Thread 0x000001be97399440 Exception <a 'java/lang/NoSuchMethodError'{0x000000070e114b30}: 'void java.lang.invoke.DirectMethodHandle$Holder.invokeVirtual(java.lang.Object, java.lang.Object, long)'> (0x000000070e114b30) 
thrown [s\open\src\hotspot\share\interpreter\linkResolver.cpp, line 759]
Event: 16.031 Thread 0x000001be97399440 Exception <a 'java/lang/IncompatibleClassChangeError'{0x000000070da48570}: Found class java.lang.Object, but interface was expected> (0x000000070da48570) 
thrown [s\open\src\hotspot\share\interpreter\linkResolver.cpp, line 826]
Event: 16.333 Thread 0x000001be97399440 Implicit null exception at 0x000001be87ca7564 to 0x000001be87caa0a4
Event: 16.621 Thread 0x000001be97399440 Exception <a 'java/lang/NoSuchMethodError'{0x000000070d4d1d98}: 'java.lang.Object java.lang.invoke.DirectMethodHandle$Holder.invokeSpecial(java.lang.Object, java.lang.Object, int, java.lang.Object, int, java.lang.Object)'> (0x000000070d4d1d98) 
thrown [s\open\src\hotspot\share\interpreter\linkResolver.cpp, line 759]
Event: 16.623 Thread 0x000001be97399440 Exception <a 'java/lang/NoSuchMethodError'{0x000000070d4d9e40}: 'java.lang.Object java.lang.invoke.DirectMethodHandle$Holder.newInvokeSpecial(java.lang.Object, java.lang.Object, int, java.lang.Object, int)'> (0x000000070d4d9e40) 
thrown [s\open\src\hotspot\share\interpreter\linkResolver.cpp, line 759]
Event: 16.624 Thread 0x000001be97399440 Exception <a 'java/lang/NoSuchMethodError'{0x000000070d4ddf40}: 'java.lang.Object java.lang.invoke.DirectMethodHandle$Holder.invokeSpecial(java.lang.Object, java.lang.Object, java.lang.Object, int, java.lang.Object, int)'> (0x000000070d4ddf40) 
thrown [s\open\src\hotspot\share\interpreter\linkResolver.cpp, line 759]
Event: 16.632 Thread 0x000001be97399440 Exception <a 'java/lang/NoSuchMethodError'{0x000000070d4e7bc0}: 'void java.lang.invoke.DirectMethodHandle$Holder.invokeVirtual(java.lang.Object, java.lang.Object)'> (0x000000070d4e7bc0) 
thrown [s\open\src\hotspot\share\interpreter\linkResolver.cpp, line 759]

VM Operations (20 events):
Event: 15.623 Executing VM operation: HandshakeAllThreads
Event: 15.623 Executing VM operation: HandshakeAllThreads done
Event: 15.854 Executing VM operation: HandshakeAllThreads
Event: 15.854 Executing VM operation: HandshakeAllThreads done
Event: 16.087 Executing VM operation: HandshakeAllThreads
Event: 16.087 Executing VM operation: HandshakeAllThreads done
Event: 16.087 Executing VM operation: Cleanup
Event: 16.087 Executing VM operation: Cleanup done
Event: 16.812 Executing VM operation: ICBufferFull
Event: 16.812 Executing VM operation: ICBufferFull done
Event: 17.822 Executing VM operation: Cleanup
Event: 17.822 Executing VM operation: Cleanup done
Event: 42.011 Executing VM operation: Cleanup
Event: 42.011 Executing VM operation: Cleanup done
Event: 54.113 Executing VM operation: Cleanup
Event: 54.113 Executing VM operation: Cleanup done
Event: 59.153 Executing VM operation: Cleanup
Event: 59.154 Executing VM operation: Cleanup done
Event: 60.054 Executing VM operation: HandshakeAllThreads
Event: 60.054 Executing VM operation: HandshakeAllThreads done

Events (20 events):
Event: 16.824 loading class java/beans/WeakIdentityMap
Event: 16.824 loading class java/beans/WeakIdentityMap done
Event: 16.825 loading class java/beans/ThreadGroupContext$1 done
Event: 16.826 loading class java/beans/WeakIdentityMap$Entry
Event: 16.826 loading class java/beans/WeakIdentityMap$Entry done
Event: 16.836 loading class java/util/stream/LongStream
Event: 16.836 loading class java/util/stream/LongStream done
Event: 16.837 loading class java/util/stream/DoubleStream
Event: 16.837 loading class java/util/stream/DoubleStream done
Event: 16.838 Thread 0x000001be9739a370 Thread exited: 0x000001be9739a370
Event: 16.839 Thread 0x000001bef3f2c900 Thread exited: 0x000001bef3f2c900
Event: 16.839 Thread 0x000001bee2077ae0 Thread added: 0x000001bee2077ae0
Event: 17.147 Thread 0x000001bedfc87da0 Thread exited: 0x000001bedfc87da0
Event: 17.147 Thread 0x000001bedfc85320 Thread exited: 0x000001bedfc85320
Event: 17.256 Thread 0x000001bee2073910 Thread exited: 0x000001bee2073910
Event: 17.572 Thread 0x000001bedfc85dc0 Thread exited: 0x000001bedfc85dc0
Event: 17.572 Thread 0x000001bedfc84880 Thread exited: 0x000001bedfc84880
Event: 17.573 Thread 0x000001be975f30b0 Thread exited: 0x000001be975f30b0
Event: 18.186 Thread 0x000001bedd0fcf50 Thread exited: 0x000001bedd0fcf50
Event: 23.784 Thread 0x000001be974a0020 Thread exited: 0x000001be974a0020


Dynamic libraries:
0x00007ff73e1b0000 - 0x00007ff73e1c0000 	C:\Program Files\Java\jdk-17\bin\javaw.exe
0x00007fff5f120000 - 0x00007fff5f386000 	C:\WINDOWS\SYSTEM32\ntdll.dll
0x00007fff5de00000 - 0x00007fff5dec9000 	C:\WINDOWS\System32\KERNEL32.DLL
0x00007fff5c4d0000 - 0x00007fff5c8d0000 	C:\WINDOWS\System32\KERNELBASE.dll
0x00007fff5c340000 - 0x00007fff5c48c000 	C:\WINDOWS\System32\ucrtbase.dll
0x00007fff369b0000 - 0x00007fff369c9000 	C:\Program Files\Java\jdk-17\bin\jli.dll
0x00007fff368d0000 - 0x00007fff368eb000 	C:\Program Files\Java\jdk-17\bin\VCRUNTIME140.dll
0x00007fff5dd40000 - 0x00007fff5ddf7000 	C:\WINDOWS\System32\ADVAPI32.dll
0x00007fff5d8f0000 - 0x00007fff5d999000 	C:\WINDOWS\System32\msvcrt.dll
0x00007fff5d9a0000 - 0x00007fff5da4a000 	C:\WINDOWS\System32\sechost.dll
0x00007fff5ed10000 - 0x00007fff5ee28000 	C:\WINDOWS\System32\RPCRT4.dll
0x00007fff5d290000 - 0x00007fff5d457000 	C:\WINDOWS\System32\USER32.dll
0x00007fff3fd20000 - 0x00007fff3ffb2000 	C:\WINDOWS\WinSxS\amd64_microsoft.windows.common-controls_6595b64144ccf1df_6.0.26100.8737_none_3e092eaee333b772\COMCTL32.dll
0x00007fff5c4a0000 - 0x00007fff5c4c7000 	C:\WINDOWS\System32\win32u.dll
0x00007fff5df90000 - 0x00007fff5dfbb000 	C:\WINDOWS\System32\GDI32.dll
0x00007fff5ca30000 - 0x00007fff5cb59000 	C:\WINDOWS\System32\gdi32full.dll
0x00007fff55510000 - 0x00007fff5551b000 	C:\WINDOWS\SYSTEM32\VERSION.dll
0x00007fff5cc20000 - 0x00007fff5ccc3000 	C:\WINDOWS\System32\msvcp_win.dll
0x00007fff5d040000 - 0x00007fff5d072000 	C:\WINDOWS\System32\IMM32.DLL
0x00007fff49600000 - 0x00007fff4960c000 	C:\Program Files\Java\jdk-17\bin\vcruntime140_1.dll
0x00007ffee5020000 - 0x00007ffee50ae000 	C:\Program Files\Java\jdk-17\bin\msvcp140.dll
0x00007ffe90150000 - 0x00007ffe90d30000 	C:\Program Files\Java\jdk-17\bin\server\jvm.dll
0x00007fff5cf30000 - 0x00007fff5cf38000 	C:\WINDOWS\System32\PSAPI.DLL
0x00007fff554d0000 - 0x00007fff55506000 	C:\WINDOWS\SYSTEM32\WINMM.dll
0x00007fff482c0000 - 0x00007fff482ca000 	C:\WINDOWS\SYSTEM32\WSOCK32.dll
0x00007fff5dcb0000 - 0x00007fff5dd30000 	C:\WINDOWS\System32\WS2_32.dll
0x00007fff5b020000 - 0x00007fff5b03b000 	C:\WINDOWS\SYSTEM32\kernel.appcore.dll
0x00007fff49310000 - 0x00007fff4931a000 	C:\Program Files\Java\jdk-17\bin\jimage.dll
0x00007fff4e980000 - 0x00007fff4ebc2000 	C:\WINDOWS\SYSTEM32\DBGHELP.DLL
0x00007fff5d460000 - 0x00007fff5d7e3000 	C:\WINDOWS\System32\combase.dll
0x00007fff5ce50000 - 0x00007fff5cf29000 	C:\WINDOWS\System32\OLEAUT32.dll
0x00007fff4de40000 - 0x00007fff4de7b000 	C:\WINDOWS\SYSTEM32\dbgcore.DLL
0x00007fff5c8e0000 - 0x00007fff5c98c000 	C:\WINDOWS\System32\bcryptPrimitives.dll
0x00007fff25f00000 - 0x00007fff25f25000 	C:\Program Files\Java\jdk-17\bin\java.dll
0x00007ffed5750000 - 0x00007ffed5827000 	C:\Program Files\Java\jdk-17\bin\jsvml.dll
0x00007fff5dfc0000 - 0x00007fff5e752000 	C:\WINDOWS\System32\SHELL32.dll
0x00007fff59de0000 - 0x00007fff5a672000 	C:\WINDOWS\SYSTEM32\windows.storage.dll
0x00007fff5d7f0000 - 0x00007fff5d8e7000 	C:\WINDOWS\System32\SHCORE.dll
0x00007fff5ded0000 - 0x00007fff5df37000 	C:\WINDOWS\System32\shlwapi.dll
0x00007fff5c260000 - 0x00007fff5c289000 	C:\WINDOWS\SYSTEM32\profapi.dll
0x00007fff368b0000 - 0x00007fff368c9000 	C:\Program Files\Java\jdk-17\bin\net.dll
0x00007fff52540000 - 0x00007fff52669000 	C:\WINDOWS\SYSTEM32\WINHTTP.dll
0x00007fff5b5d0000 - 0x00007fff5b63c000 	C:\WINDOWS\system32\mswsock.dll
0x00007fff25a90000 - 0x00007fff25aa6000 	C:\Program Files\Java\jdk-17\bin\nio.dll
0x00007fff24ed0000 - 0x00007fff24ee8000 	C:\Program Files\Java\jdk-17\bin\zip.dll
0x00007fff440f0000 - 0x00007fff44100000 	C:\Program Files\Java\jdk-17\bin\verify.dll
0x00007fff417b0000 - 0x00007fff417ba000 	C:\Program Files\Java\jdk-17\bin\management.dll
0x00007fff40740000 - 0x00007fff4074b000 	C:\Program Files\Java\jdk-17\bin\management_ext.dll
0x00007fff39fd0000 - 0x00007fff39fe8000 	C:\WINDOWS\system32\napinsp.dll
0x00007fff5aa60000 - 0x00007fff5abb5000 	C:\WINDOWS\SYSTEM32\DNSAPI.dll
0x00007fff5b3d0000 - 0x00007fff5b3dd000 	C:\WINDOWS\SYSTEM32\DSPARSE.dll
0x00007fff5a9d0000 - 0x00007fff5aa03000 	C:\WINDOWS\SYSTEM32\IPHLPAPI.DLL
0x00007fff5ed00000 - 0x00007fff5ed0a000 	C:\WINDOWS\System32\NSI.dll
0x00007fff39da0000 - 0x00007fff39db3000 	C:\WINDOWS\System32\winrnr.dll
0x00007fff39d70000 - 0x00007fff39d92000 	C:\WINDOWS\system32\nlansp_c.dll
0x00007fff52020000 - 0x00007fff52036000 	C:\WINDOWS\system32\wshbth.dll
0x00007fff527c0000 - 0x00007fff527cb000 	C:\Windows\System32\rasadhlp.dll
0x00007fff56630000 - 0x00007fff566b6000 	C:\WINDOWS\System32\fwpuclnt.dll
0x00007fff5b8d0000 - 0x00007fff5b8eb000 	C:\WINDOWS\SYSTEM32\CRYPTSP.dll
0x00007fff5af80000 - 0x00007fff5afb9000 	C:\WINDOWS\system32\rsaenh.dll
0x00007fff5b690000 - 0x00007fff5b6c2000 	C:\WINDOWS\SYSTEM32\USERENV.dll
0x00007fff5c230000 - 0x00007fff5c25a000 	C:\WINDOWS\SYSTEM32\bcrypt.dll
0x00007fff5b8f0000 - 0x00007fff5b8fc000 	C:\WINDOWS\SYSTEM32\CRYPTBASE.dll
0x00007fff55930000 - 0x00007fff5594d000 	C:\WINDOWS\SYSTEM32\dhcpcsvc6.DLL
0x00007fff558e0000 - 0x00007fff55905000 	C:\WINDOWS\SYSTEM32\dhcpcsvc.DLL
0x00007fff37ff0000 - 0x00007fff37ffe000 	C:\Program Files\Java\jdk-17\bin\sunmscapi.dll
0x00007fff5ccd0000 - 0x00007fff5ce48000 	C:\WINDOWS\System32\CRYPT32.dll
0x00007fff5bb10000 - 0x00007fff5bb40000 	C:\WINDOWS\SYSTEM32\ncrypt.dll
0x00007fff5bac0000 - 0x00007fff5baff000 	C:\WINDOWS\SYSTEM32\NTASN1.dll
0x00007fff0e900000 - 0x00007fff0e908000 	C:\WINDOWS\system32\wshunix.dll

dbghelp: loaded successfully - version: 4.0.5 - missing functions: none
symbol engine: initialized successfully - sym options: 0x614 - pdb path: .;C:\Program Files\Java\jdk-17\bin;C:\WINDOWS\SYSTEM32;C:\WINDOWS\WinSxS\amd64_microsoft.windows.common-controls_6595b64144ccf1df_6.0.26100.8737_none_3e092eaee333b772;C:\Program Files\Java\jdk-17\bin\server

VM Arguments:
jvm_args: -Dfile.encoding=UTF-8 -Dstdout.encoding=UTF-8 -Dstderr.encoding=UTF-8 -XX:+ShowCodeDetailsInExceptionMessages 
java_command: com.tka.sams.api.SamsTrackApplication
java_class_path (initial): C:\Users\Dell\OneDrive\Desktop\SAMSTRACK_API\target\classes;C:\Users\Dell\.m2\repository\org\springframework\boot\spring-boot-starter-data-jpa\2.5.6\spring-boot-starter-data-jpa-2.5.6.jar;C:\Users\Dell\.m2\repository\org\springframework\boot\spring-boot-starter-aop\2.5.6\spring-boot-starter-aop-2.5.6.jar;C:\Users\Dell\.m2\repository\org\springframework\spring-aop\5.3.12\spring-aop-5.3.12.jar;C:\Users\Dell\.m2\repository\org\aspectj\aspectjweaver\1.9.7\aspectjweaver-1.9.7.jar;C:\Users\Dell\.m2\repository\org\springframework\boot\spring-boot-starter-jdbc\2.5.6\spring-boot-starter-jdbc-2.5.6.jar;C:\Users\Dell\.m2\repository\com\zaxxer\HikariCP\4.0.3\HikariCP-4.0.3.jar;C:\Users\Dell\.m2\repository\org\springframework\spring-jdbc\5.3.12\spring-jdbc-5.3.12.jar;C:\Users\Dell\.m2\repository\jakarta\transaction\jakarta.transaction-api\1.3.3\jakarta.transaction-api-1.3.3.jar;C:\Users\Dell\.m2\repository\jakarta\persistence\jakarta.persistence-api\2.2.3\jakarta.persistence-api-2.2.3.jar;C:\Users\Dell\.m2\repository\org\hibernate\hibernate-core\5.4.32.Final\hibernate-core-5.4.32.Final.jar;C:\Users\Dell\.m2\repository\org\jboss\logging\jboss-logging\3.4.2.Final\jboss-logging-3.4.2.Final.jar;C:\Users\Dell\.m2\repository\org\javassist\javassist\3.27.0-GA\javassist-3.27.0-GA.jar;C:\Users\Dell\.m2\repository\net\bytebuddy\byte-buddy\1.10.22\byte-buddy-1.10.22.jar;C:\Users\Dell\.m2\repository\antlr\antlr\2.7.7\antlr-2.7.7.jar;C:\Users\Dell\.m2\repository\org\jboss\jandex\2.2.3.Final\jandex-2.2.3.Final.jar;C:\Users\Dell\.m2\repository\com\fasterxml\classmate\1.5.1\classmate-1.5.1.jar;C:\Users\Dell\.m2\repository\org\dom4j\dom4j\2.1.3\dom4j-2.1.3.jar;C:\Users\Dell\.m2\repository\org\hibernate\common\hibernate-commons-annotations\5.1.2.Final\hibernate-commons-annotations-5.1.2.Final.jar;C:\Users\Dell\.m2\repository\org\glassfish\jaxb\jaxb-runtime\2.3.5\jaxb-runtime-2.3.5.jar;C:\Users\Dell\.m2\repository\org\glassfish\jaxb\txw2\2.3.5\txw2-2.3.5.jar;C:\Users\D
Launcher Type: SUN_STANDARD

[Global flags]
     intx CICompilerCount                          = 12                                        {product} {ergonomic}
     uint ConcGCThreads                            = 3                                         {product} {ergonomic}
     uint G1ConcRefinementThreads                  = 13                                        {product} {ergonomic}
   size_t G1HeapRegionSize                         = 2097152                                   {product} {ergonomic}
    uintx GCDrainStackTargetSize                   = 64                                        {product} {ergonomic}
   size_t InitialHeapSize                          = 257949696                                 {product} {ergonomic}
   size_t MarkStackSize                            = 4194304                                   {product} {ergonomic}
   size_t MaxHeapSize                              = 4123000832                                {product} {ergonomic}
   size_t MaxNewSize                               = 2472542208                                {product} {ergonomic}
   size_t MinHeapDeltaBytes                        = 2097152                                   {product} {ergonomic}
   size_t MinHeapSize                              = 8388608                                   {product} {ergonomic}
    uintx NonNMethodCodeHeapSize                   = 7602480                                {pd product} {ergonomic}
    uintx NonProfiledCodeHeapSize                  = 122027880                              {pd product} {ergonomic}
    uintx ProfiledCodeHeapSize                     = 122027880                              {pd product} {ergonomic}
    uintx ReservedCodeCacheSize                    = 251658240                              {pd product} {ergonomic}
     bool SegmentedCodeCache                       = true                                      {product} {ergonomic}
     bool ShowCodeDetailsInExceptionMessages       = true                                   {manageable} {command line}
   size_t SoftMaxHeapSize                          = 4123000832                             {manageable} {ergonomic}
     bool UseCompressedClassPointers               = true                           {product lp64_product} {ergonomic}
     bool UseCompressedOops                        = true                           {product lp64_product} {ergonomic}
     bool UseG1GC                                  = true                                      {product} {ergonomic}
     bool UseLargePagesIndividualAllocation        = false                                  {pd product} {ergonomic}

Logging:
Log output configuration:
 #0: stdout all=warning uptime,level,tags
 #1: stderr all=off uptime,level,tags

Environment Variables:
PATH=C:/Users/Dell/OneDrive/Desktop/eclipse//plugins/org.eclipse.justj.openjdk.hotspot.jre.full.win32.x86_64_21.0.7.v20250502-0916/jre/bin/server;C:/Users/Dell/OneDrive/Desktop/eclipse//plugins/org.eclipse.justj.openjdk.hotspot.jre.full.win32.x86_64_21.0.7.v20250502-0916/jre/bin;C:\Program Files\Common Files\Oracle\Java\javapath;C:\WINDOWS\system32;C:\WINDOWS;C:\WINDOWS\System32\Wbem;C:\WINDOWS\System32\WindowsPowerShell\v1.0\;C:\WINDOWS\System32\OpenSSH\;C:\Program Files\dotnet\;C:\Program Files\Java\jdk-23\bin;C:\Program Files\Git\cmd;C:\Program Files\nodejs\;C:\Program Files\MySQL\MySQL Shell 8.0\bin\;C:\Users\Dell\AppData\Local\Microsoft\WindowsApps;C:\Program Files\Java\jdk-23\bin;C:\Users\Dell\AppData\Roaming\npm;C:\Users\Dell\AppData\Local\Programs\Microsoft VS Code\bin;C:\Users\Dell\OneDrive\Desktop\eclipse;
USERNAME=Dell
OS=Windows_NT
PROCESSOR_IDENTIFIER=AMD64 Family 23 Model 104 Stepping 1, AuthenticAMD



---------------  S Y S T E M  ---------------

OS:
 Windows 11 , 64 bit Build 26100 (10.0.26100.8737)
OS uptime: 0 days 9:20 hours
Hyper-V role detected

CPU: total 16 (initial active 16) (16 cores per cpu, 2 threads per core) family 23 model 104 stepping 1 microcode 0x8608109, cx8, cmov, fxsr, ht, mmx, 3dnowpref, sse, sse2, sse3, ssse3, sse4a, sse4.1, sse4.2, popcnt, lzcnt, tsc, tscinvbit, avx, avx2, aes, clmul, bmi1, bmi2, adx, sha, fma, vzeroupper, clflush, clflushopt, hv

Memory: 4k page, system-wide physical 15720M (4398M free)
TotalPageFile size 15720M (AvailPageFile size 3M)
current process WorkingSet (physical memory assigned to process): 220M, peak: 293M
current process commit charge ("private bytes"): 280M, peak: 413M

vm_info: Java HotSpot(TM) 64-Bit Server VM (17.0.12+8-LTS-286) for windows-amd64 JRE (17.0.12+8-LTS-286), built on Jun  5 2024 06:46:59 by "mach5one" with MS VC++ 17.6 (VS2022)

END.
