#
# There is insufficient memory for the Java Runtime Environment to continue.
# Native memory allocation (malloc) failed to allocate 230096 bytes for Chunk::new
# Possible reasons:
#   The system is out of physical RAM or swap space
#   The process is running with CompressedOops enabled, and the Java Heap may be blocking the growth of the native heap
# Possible solutions:
#   Reduce memory load on the system
#   Increase physical memory or swap space
#   Check if swap backing store is full
#   Decrease Java heap size (-Xmx/-Xms)
#   Decrease number of Java threads
#   Decrease Java thread stack sizes (-Xss)
#   Set larger code cache with -XX:ReservedCodeCacheSize=
#   JVM is running with Zero Based Compressed Oops mode in which the Java heap is
#     placed in the first 32GB address space. The Java Heap base address is the
#     maximum limit for the native heap growth. Please use -XX:HeapBaseMinAddress
#     to set the Java Heap base and to place the Java Heap above 32GB virtual address.
# This output file may be truncated or incomplete.
#
#  Out of Memory Error (arena.cpp:189), pid=14968, tid=9704
#
# JRE version: Java(TM) SE Runtime Environment (17.0.12+8) (build 17.0.12+8-LTS-286)
# Java VM: Java HotSpot(TM) 64-Bit Server VM (17.0.12+8-LTS-286, mixed mode, sharing, tiered, compressed oops, compressed class ptrs, g1 gc, windows-amd64)
# No core dump will be written. Minidumps are not enabled by default on client versions of Windows
#

---------------  S U M M A R Y ------------

Command Line: -Dfile.encoding=UTF-8 -Dstdout.encoding=UTF-8 -Dstderr.encoding=UTF-8 -XX:+ShowCodeDetailsInExceptionMessages com.tka.sams.api.SamsTrackApplication

Host: AMD Ryzen 7 5700U with Radeon Graphics         , 16 cores, 15G,  Windows 11 , 64 bit Build 26100 (10.0.26100.8737)
Time: Thu Jun 25 23:08:42 2026 India Standard Time elapsed time: 320.893079 seconds (0d 0h 5m 20s)

---------------  T H R E A D  ---------------

Current thread (0x000001574b01fd20):  JavaThread "C2 CompilerThread0" daemon [_thread_in_native, id=9704, stack(0x0000003566600000,0x0000003566700000)]


Current CompileTask:
C2: 320893 5901       4       java.util.AbstractCollection::containsAll (38 bytes)

Stack: [0x0000003566600000,0x0000003566700000]
Native frames: (J=compiled Java code, j=interpreted, Vv=VM code, C=native code)
V  [jvm.dll+0x67a04a]
V  [jvm.dll+0x7da4ed]
V  [jvm.dll+0x7dbe33]
V  [jvm.dll+0x7dc4a3]
V  [jvm.dll+0x24508f]
V  [jvm.dll+0xab773]
V  [jvm.dll+0xabd3c]
V  [jvm.dll+0x2aa52f]
V  [jvm.dll+0x581eb9]
V  [jvm.dll+0x21f422]
V  [jvm.dll+0x21f81f]
V  [jvm.dll+0x218aa0]
V  [jvm.dll+0x215b65]
V  [jvm.dll+0x1a2960]
V  [jvm.dll+0x22610b]
V  [jvm.dll+0x2242ab]
V  [jvm.dll+0x79075c]
V  [jvm.dll+0x78abea]
V  [jvm.dll+0x678f35]
C  [ucrtbase.dll+0x2cd30]
C  [KERNEL32.DLL+0x2e957]
C  [ntdll.dll+0xaad6c]


---------------  P R O C E S S  ---------------

Threads class SMR info:
_java_thread_list=0x00000157509e1bc0, length=21, elements={
0x000001574b002090, 0x000001574b004970, 0x000001574b0190f0, 0x000001574b0199c0,
0x000001574b01b2a0, 0x000001574b01bb70, 0x000001574b01fd20, 0x000001574b0206e0,
0x000001574b02c020, 0x000001574b18f5a0, 0x000001574b18fab0, 0x000001574b190ef0,
0x000001574b191400, 0x000001574b191910, 0x000001574b191e20, 0x000001574b192840,
0x000001574ff3d780, 0x000001574ff3e6b0, 0x000001574ff3cd60, 0x000001574ff3af00,
0x000001574ff3c340
}

Java Threads: ( => current thread )
  0x000001574b002090 JavaThread "Reference Handler" daemon [_thread_blocked, id=9756, stack(0x0000003566000000,0x0000003566100000)]
  0x000001574b004970 JavaThread "Finalizer" daemon [_thread_blocked, id=26128, stack(0x0000003566100000,0x0000003566200000)]
  0x000001574b0190f0 JavaThread "Signal Dispatcher" daemon [_thread_blocked, id=8892, stack(0x0000003566200000,0x0000003566300000)]
  0x000001574b0199c0 JavaThread "Attach Listener" daemon [_thread_blocked, id=25208, stack(0x0000003566300000,0x0000003566400000)]
  0x000001574b01b2a0 JavaThread "Service Thread" daemon [_thread_blocked, id=4816, stack(0x0000003566400000,0x0000003566500000)]
  0x000001574b01bb70 JavaThread "Monitor Deflation Thread" daemon [_thread_blocked, id=13112, stack(0x0000003566500000,0x0000003566600000)]
=>0x000001574b01fd20 JavaThread "C2 CompilerThread0" daemon [_thread_in_native, id=9704, stack(0x0000003566600000,0x0000003566700000)]
  0x000001574b0206e0 JavaThread "C1 CompilerThread0" daemon [_thread_blocked, id=4612, stack(0x0000003566700000,0x0000003566800000)]
  0x000001574b02c020 JavaThread "Sweeper thread" daemon [_thread_blocked, id=5112, stack(0x0000003566800000,0x0000003566900000)]
  0x000001574b18f5a0 JavaThread "Notification Thread" daemon [_thread_blocked, id=5724, stack(0x0000003566b00000,0x0000003566c00000)]
  0x000001574b18fab0 JavaThread "Common-Cleaner" daemon [_thread_blocked, id=14644, stack(0x0000003566d00000,0x0000003566e00000)]
  0x000001574b190ef0 JavaThread "Catalina-utility-1" [_thread_blocked, id=3260, stack(0x0000003568100000,0x0000003568200000)]
  0x000001574b191400 JavaThread "Catalina-utility-2" [_thread_blocked, id=12116, stack(0x0000003568200000,0x0000003568300000)]
  0x000001574b191910 JavaThread "container-0" [_thread_blocked, id=6020, stack(0x0000003568300000,0x0000003568400000)]
  0x000001574b191e20 JavaThread "mysql-cj-abandoned-connection-cleanup" daemon [_thread_blocked, id=15028, stack(0x0000003568500000,0x0000003568600000)]
  0x000001574b192840 JavaThread "HikariPool-1 housekeeper" daemon [_thread_blocked, id=13244, stack(0x0000003566900000,0x0000003566a00000)]
  0x000001574ff3d780 JavaThread "File Watcher" daemon [_thread_blocked, id=23272, stack(0x0000003568c00000,0x0000003568d00000)]
  0x000001574ff3e6b0 JavaThread "Live Reload Server" daemon [_thread_in_native, id=17436, stack(0x0000003568e00000,0x0000003568f00000)]
  0x000001574ff3cd60 JavaThread "http-nio-8091-Poller" daemon [_thread_in_native, id=23456, stack(0x0000003568d00000,0x0000003568e00000)]
  0x000001574ff3af00 JavaThread "http-nio-8091-Acceptor" daemon [_thread_in_native, id=25032, stack(0x0000003568f00000,0x0000003569000000)]
  0x000001574ff3c340 JavaThread "DestroyJavaVM" [_thread_blocked, id=6200, stack(0x0000003565900000,0x0000003565a00000)]

Other Threads:
  0x0000015705f694a0 VMThread "VM Thread" [stack: 0x0000003565f00000,0x0000003566000000] [id=11356]
  0x0000015762cb45b0 WatcherThread [stack: 0x0000003566c00000,0x0000003566d00000] [id=11456]
  0x0000015762c75d70 GCTaskThread "GC Thread#0" [stack: 0x0000003565a00000,0x0000003565b00000] [id=18976]
  0x000001574c3aa200 GCTaskThread "GC Thread#1" [stack: 0x0000003567200000,0x0000003567300000] [id=15044]
  0x000001574bf10180 GCTaskThread "GC Thread#2" [stack: 0x0000003567300000,0x0000003567400000] [id=12208]
  0x000001574bf10440 GCTaskThread "GC Thread#3" [stack: 0x0000003567400000,0x0000003567500000] [id=2156]
  0x000001574bb5b570 GCTaskThread "GC Thread#4" [stack: 0x0000003567500000,0x0000003567600000] [id=9872]
  0x000001574bb5b830 GCTaskThread "GC Thread#5" [stack: 0x0000003567600000,0x0000003567700000] [id=17936]
  0x000001574ba20130 GCTaskThread "GC Thread#6" [stack: 0x0000003567700000,0x0000003567800000] [id=9992]
  0x000001574c6e4380 GCTaskThread "GC Thread#7" [stack: 0x0000003567100000,0x0000003567200000] [id=2288]
  0x000001574c640750 GCTaskThread "GC Thread#8" [stack: 0x0000003567900000,0x0000003567a00000] [id=20012]
  0x000001574c7708d0 GCTaskThread "GC Thread#9" [stack: 0x0000003567a00000,0x0000003567b00000] [id=25528]
  0x000001574deadd50 GCTaskThread "GC Thread#10" [stack: 0x0000003567c00000,0x0000003567d00000] [id=24968]
  0x000001574deac1d0 GCTaskThread "GC Thread#11" [stack: 0x0000003567d00000,0x0000003567e00000] [id=5300]
  0x000001574deac750 GCTaskThread "GC Thread#12" [stack: 0x0000003567e00000,0x0000003567f00000] [id=12580]
  0x0000015762c870a0 ConcurrentGCThread "G1 Main Marker" [stack: 0x0000003565b00000,0x0000003565c00000] [id=10944]
  0x0000015762c88d30 ConcurrentGCThread "G1 Conc#0" [stack: 0x0000003565c00000,0x0000003565d00000] [id=6064]
  0x000001574deac490 ConcurrentGCThread "G1 Conc#1" [stack: 0x0000003567f00000,0x0000003568000000] [id=6784]
  0x000001574dead510 ConcurrentGCThread "G1 Conc#2" [stack: 0x0000003568000000,0x0000003568100000] [id=7688]
  0x0000015705e1f8e0 ConcurrentGCThread "G1 Refine#0" [stack: 0x0000003565d00000,0x0000003565e00000] [id=25220]
  0x0000015705e1ffc0 ConcurrentGCThread "G1 Service" [stack: 0x0000003565e00000,0x0000003565f00000] [id=19060]

Threads with active compile tasks:
C2 CompilerThread0   320945 5901       4       java.util.AbstractCollection::containsAll (38 bytes)

VM state: not at safepoint (normal execution)

VM Mutex/Monitor currently owned by a thread: None

Heap address: 0x000000070a400000, size: 3932 MB, Compressed Oops mode: Zero based, Oop shift amount: 3

CDS archive(s) mapped at: [0x0000015706000000-0x0000015706bd0000-0x0000015706bd0000), size 12386304, SharedBaseAddress: 0x0000015706000000, ArchiveRelocationMode: 1.
Compressed class space mapped at: 0x0000015707000000-0x0000015747000000, reserved size: 1073741824
Narrow klass base: 0x0000015706000000, Narrow klass shift: 0, Narrow klass range: 0x100000000

GC Precious Log:
 CPUs: 16 total, 16 available
 Memory: 15720M
 Large Page Support: Disabled
 NUMA Support: Disabled
 Compressed Oops: Enabled (Zero based)
 Heap Region Size: 2M
 Heap Min Capacity: 8M
 Heap Initial Capacity: 246M
 Heap Max Capacity: 3932M
 Pre-touch: Disabled
 Parallel Workers: 13
 Concurrent Workers: 3
 Concurrent Refinement Workers: 13
 Periodic GC: Disabled

Heap:
 garbage-first heap   total 49152K, used 34610K [0x000000070a400000, 0x0000000800000000)
  region size 2048K, 9 young (18432K), 2 survivors (4096K)
 Metaspace       used 51863K, committed 52288K, reserved 1114112K
  class space    used 6847K, committed 7040K, reserved 1048576K

Heap Regions: E=young(eden), S=young(survivor), O=old, HS=humongous(starts), HC=humongous(continues), CS=collection set, F=free, OA=open archive, CA=closed archive, TAMS=top-at-mark-start (previous, next)
|   0|0x000000070a400000, 0x000000070a600000, 0x000000070a600000|100%| O|  |TAMS 0x000000070a600000, 0x000000070a400000| Untracked 
|   1|0x000000070a600000, 0x000000070a800000, 0x000000070a800000|100%| O|  |TAMS 0x000000070a800000, 0x000000070a600000| Untracked 
|   2|0x000000070a800000, 0x000000070aa00000, 0x000000070aa00000|100%| O|  |TAMS 0x000000070a800000, 0x000000070a800000| Untracked 
|   3|0x000000070aa00000, 0x000000070ac00000, 0x000000070ac00000|100%| O|  |TAMS 0x000000070ac00000, 0x000000070aa00000| Untracked 
|   4|0x000000070ac00000, 0x000000070ae00000, 0x000000070ae00000|100%| O|  |TAMS 0x000000070ae00000, 0x000000070ac00000| Untracked 
|   5|0x000000070ae00000, 0x000000070b000000, 0x000000070b000000|100%| O|  |TAMS 0x000000070b000000, 0x000000070ae00000| Untracked 
|   6|0x000000070b000000, 0x000000070b200000, 0x000000070b200000|100%| O|  |TAMS 0x000000070b200000, 0x000000070b000000| Untracked 
|   7|0x000000070b200000, 0x000000070b2c4c00, 0x000000070b400000| 38%| O|  |TAMS 0x000000070b200000, 0x000000070b200000| Untracked 
|   8|0x000000070b400000, 0x000000070b600000, 0x000000070b600000|100%| O|  |TAMS 0x000000070b400000, 0x000000070b400000| Untracked 
|   9|0x000000070b600000, 0x000000070b800000, 0x000000070b800000|100%| O|  |TAMS 0x000000070b600000, 0x000000070b600000| Untracked 
|  10|0x000000070b800000, 0x000000070b800000, 0x000000070ba00000|  0%| F|  |TAMS 0x000000070b800000, 0x000000070b800000| Untracked 
|  11|0x000000070ba00000, 0x000000070ba00000, 0x000000070bc00000|  0%| F|  |TAMS 0x000000070ba00000, 0x000000070ba00000| Untracked 
|  12|0x000000070bc00000, 0x000000070bc00000, 0x000000070be00000|  0%| F|  |TAMS 0x000000070bc00000, 0x000000070bc00000| Untracked 
|  13|0x000000070be00000, 0x000000070be00000, 0x000000070c000000|  0%| F|  |TAMS 0x000000070be00000, 0x000000070be00000| Untracked 
|  14|0x000000070c000000, 0x000000070c107f48, 0x000000070c200000| 51%| S|CS|TAMS 0x000000070c000000, 0x000000070c000000| Complete 
|  15|0x000000070c200000, 0x000000070c200000, 0x000000070c400000|  0%| F|  |TAMS 0x000000070c200000, 0x000000070c200000| Untracked 
|  16|0x000000070c400000, 0x000000070c600000, 0x000000070c600000|100%| S|CS|TAMS 0x000000070c400000, 0x000000070c400000| Complete 
|  17|0x000000070c600000, 0x000000070c6127a0, 0x000000070c800000|  3%| E|  |TAMS 0x000000070c600000, 0x000000070c600000| Complete 
|  18|0x000000070c800000, 0x000000070ca00000, 0x000000070ca00000|100%| E|CS|TAMS 0x000000070c800000, 0x000000070c800000| Complete 
|  19|0x000000070ca00000, 0x000000070cc00000, 0x000000070cc00000|100%| E|CS|TAMS 0x000000070ca00000, 0x000000070ca00000| Complete 
|  89|0x0000000715600000, 0x0000000715800000, 0x0000000715800000|100%| E|CS|TAMS 0x0000000715600000, 0x0000000715600000| Complete 
|  90|0x0000000715800000, 0x0000000715a00000, 0x0000000715a00000|100%| E|CS|TAMS 0x0000000715800000, 0x0000000715800000| Complete 
|  91|0x0000000715a00000, 0x0000000715c00000, 0x0000000715c00000|100%| E|CS|TAMS 0x0000000715a00000, 0x0000000715a00000| Complete 
| 122|0x0000000719800000, 0x0000000719a00000, 0x0000000719a00000|100%| E|CS|TAMS 0x0000000719800000, 0x0000000719800000| Complete 

Card table byte_map: [0x000001577a510000,0x000001577acc0000] _byte_map_base: 0x0000015776cbe000

Marking Bits (Prev, Next): (CMBitMap*) 0x0000015762c771b0, (CMBitMap*) 0x0000015762c771f0
 Prev Bits: [0x000001577b470000, 0x000001577f1e0000)
 Next Bits: [0x0000015700000000, 0x0000015703d70000)

Polling page: 0x0000015760910000

Metaspace:

Usage:
  Non-class:     43.96 MB used.
      Class:      6.69 MB used.
       Both:     50.65 MB used.

Virtual space:
  Non-class space:       64.00 MB reserved,      44.19 MB ( 69%) committed,  1 nodes.
      Class space:        1.00 GB reserved,       6.88 MB ( <1%) committed,  1 nodes.
             Both:        1.06 GB reserved,      51.06 MB (  5%) committed. 

Chunk freelists:
   Non-Class:  3.48 MB
       Class:  9.11 MB
        Both:  12.59 MB

MaxMetaspaceSize: unlimited
CompressedClassSpaceSize: 1.00 GB
Initial GC threshold: 21.00 MB
Current GC threshold: 58.88 MB
CDS: on
MetaspaceReclaimPolicy: balanced
 - commit_granule_bytes: 65536.
 - commit_granule_words: 8192.
 - virtual_space_node_default_size: 8388608.
 - enlarge_chunks_in_place: 1.
 - new_chunks_are_fully_committed: 0.
 - uncommit_free_chunks: 1.
 - use_allocation_guard: 0.
 - handle_deallocations: 1.


Internal statistics:

num_allocs_failed_limit: 6.
num_arena_births: 440.
num_arena_deaths: 0.
num_vsnodes_births: 2.
num_vsnodes_deaths: 0.
num_space_committed: 817.
num_space_uncommitted: 0.
num_chunks_returned_to_freelist: 6.
num_chunks_taken_from_freelist: 2220.
num_chunk_merges: 0.
num_chunk_splits: 1533.
num_chunks_enlarged: 1182.
num_inconsistent_stats: 0.

CodeHeap 'non-profiled nmethods': size=119168Kb used=3964Kb max_used=3964Kb free=115203Kb
 bounds [0x0000015772060000, 0x0000015772440000, 0x00000157794c0000]
CodeHeap 'profiled nmethods': size=119104Kb used=10783Kb max_used=10783Kb free=108320Kb
 bounds [0x000001576a4c0000, 0x000001576af50000, 0x0000015771910000]
CodeHeap 'non-nmethods': size=7488Kb used=1315Kb max_used=3110Kb free=6172Kb
 bounds [0x0000015771910000, 0x0000015771c30000, 0x0000015772060000]
 total_blobs=5786 nmethods=5148 adapters=550
 compilation: enabled
              stopped_count=0, restarted_count=0
 full_count=0

Compilation events (20 events):
Event: 280.222 Thread 0x000001574b0206e0 nmethod 5891 0x000001576af44790 code [0x000001576af44b00, 0x000001576af46228]
Event: 280.222 Thread 0x000001574b0206e0 5892       3       org.springframework.boot.devtools.filewatch.DirectorySnapshot$$Lambda$825/0x00000157076d1450::<init> (10 bytes)
Event: 280.222 Thread 0x000001574b0206e0 nmethod 5892 0x000001576af46990 code [0x000001576af46b20, 0x000001576af46cd8]
Event: 280.642 Thread 0x000001574b0206e0 5893       3       org.springframework.boot.devtools.filewatch.FileSystemWatcher$Watcher::scan (63 bytes)
Event: 280.643 Thread 0x000001574b0206e0 nmethod 5893 0x000001576af46d90 code [0x000001576af46fa0, 0x000001576af47408]
Event: 284.496 Thread 0x000001574b0206e0 5894       3       java.util.concurrent.locks.AbstractQueuedSynchronizer$ConditionObject::unlinkCancelledWaiters (91 bytes)
Event: 284.496 Thread 0x000001574b0206e0 nmethod 5894 0x000001576af47590 code [0x000001576af47760, 0x000001576af47c38]
Event: 295.680 Thread 0x000001574b01fd20 5895       4       java.io.File::listFiles (52 bytes)
Event: 295.692 Thread 0x000001574b01fd20 nmethod 5895 0x0000015772438c90 code [0x0000015772438e60, 0x0000015772439598]
Event: 296.715 Thread 0x000001574b01fd20 5896       4       org.springframework.boot.devtools.filewatch.DirectorySnapshot::collectFiles (99 bytes)
Event: 301.492 Thread 0x000001574b0206e0 5897       3       java.util.concurrent.ScheduledThreadPoolExecutor$DelayedWorkQueue::siftUp (64 bytes)
Event: 301.823 Thread 0x000001574b0206e0 nmethod 5897 0x000001576af47d90 code [0x000001576af47fc0, 0x000001576af48cc8]
Event: 301.831 Thread 0x000001574b01fd20 nmethod 5896 0x0000015772439990 code [0x0000015772439d60, 0x000001577243d0d8]
Event: 310.593 Thread 0x000001574b01fd20 5898       4       java.util.LinkedHashMap$LinkedKeySet::size (8 bytes)
Event: 310.594 Thread 0x000001574b01fd20 nmethod 5898 0x000001577243ed90 code [0x000001577243ef00, 0x000001577243ef98]
Event: 311.496 Thread 0x000001574b0206e0 5899       3       java.util.concurrent.ScheduledThreadPoolExecutor$DelayedWorkQueue::finishPoll (43 bytes)
Event: 311.497 Thread 0x000001574b0206e0 nmethod 5899 0x000001576af49090 code [0x000001576af49260, 0x000001576af49868]
Event: 316.494 Thread 0x000001574b0206e0 5900   !   3       java.util.concurrent.locks.AbstractQueuedSynchronizer$ConditionObject::await (183 bytes)
Event: 316.496 Thread 0x000001574b0206e0 nmethod 5900 0x000001576af49a10 code [0x000001576af49d60, 0x000001576af4b2b8]
Event: 317.830 Thread 0x000001574b01fd20 5901       4       java.util.AbstractCollection::containsAll (38 bytes)

GC Heap History (20 events):
Event: 8.370 GC heap before
{Heap before GC invocations=4 (full 0):
 garbage-first heap   total 49152K, used 34405K [0x000000070a400000, 0x0000000800000000)
  region size 2048K, 14 young (28672K), 3 survivors (6144K)
 Metaspace       used 25507K, committed 25856K, reserved 1114112K
  class space    used 3170K, committed 3328K, reserved 1048576K
}
Event: 8.378 GC heap after
{Heap after GC invocations=5 (full 0):
 garbage-first heap   total 49152K, used 14258K [0x000000070a400000, 0x0000000800000000)
  region size 2048K, 2 young (4096K), 2 survivors (4096K)
 Metaspace       used 25507K, committed 25856K, reserved 1114112K
  class space    used 3170K, committed 3328K, reserved 1048576K
}
Event: 8.537 GC heap before
{Heap before GC invocations=5 (full 0):
 garbage-first heap   total 49152K, used 16306K [0x000000070a400000, 0x0000000800000000)
  region size 2048K, 3 young (6144K), 2 survivors (4096K)
 Metaspace       used 25754K, committed 26048K, reserved 1114112K
  class space    used 3205K, committed 3328K, reserved 1048576K
}
Event: 8.542 GC heap after
{Heap after GC invocations=6 (full 0):
 garbage-first heap   total 49152K, used 14487K [0x000000070a400000, 0x0000000800000000)
  region size 2048K, 1 young (2048K), 1 survivors (2048K)
 Metaspace       used 25754K, committed 26048K, reserved 1114112K
  class space    used 3205K, committed 3328K, reserved 1048576K
}
Event: 10.671 GC heap before
{Heap before GC invocations=6 (full 0):
 garbage-first heap   total 49152K, used 28823K [0x000000070a400000, 0x0000000800000000)
  region size 2048K, 9 young (18432K), 1 survivors (2048K)
 Metaspace       used 29146K, committed 29440K, reserved 1114112K
  class space    used 3677K, committed 3776K, reserved 1048576K
}
Event: 10.674 GC heap after
{Heap after GC invocations=7 (full 0):
 garbage-first heap   total 49152K, used 15036K [0x000000070a400000, 0x0000000800000000)
  region size 2048K, 1 young (2048K), 1 survivors (2048K)
 Metaspace       used 29146K, committed 29440K, reserved 1114112K
  class space    used 3677K, committed 3776K, reserved 1048576K
}
Event: 11.982 GC heap before
{Heap before GC invocations=7 (full 0):
 garbage-first heap   total 49152K, used 33468K [0x000000070a400000, 0x0000000800000000)
  region size 2048K, 10 young (20480K), 1 survivors (2048K)
 Metaspace       used 35320K, committed 35712K, reserved 1114112K
  class space    used 4586K, committed 4800K, reserved 1048576K
}
Event: 11.987 GC heap after
{Heap after GC invocations=8 (full 0):
 garbage-first heap   total 49152K, used 17012K [0x000000070a400000, 0x0000000800000000)
  region size 2048K, 2 young (4096K), 2 survivors (4096K)
 Metaspace       used 35320K, committed 35712K, reserved 1114112K
  class space    used 4586K, committed 4800K, reserved 1048576K
}
Event: 12.050 GC heap before
{Heap before GC invocations=8 (full 0):
 garbage-first heap   total 49152K, used 17012K [0x000000070a400000, 0x0000000800000000)
  region size 2048K, 3 young (6144K), 2 survivors (4096K)
 Metaspace       used 35653K, committed 35968K, reserved 1114112K
  class space    used 4627K, committed 4800K, reserved 1048576K
}
Event: 12.054 GC heap after
{Heap after GC invocations=9 (full 0):
 garbage-first heap   total 49152K, used 17378K [0x000000070a400000, 0x0000000800000000)
  region size 2048K, 2 young (4096K), 2 survivors (4096K)
 Metaspace       used 35653K, committed 35968K, reserved 1114112K
  class space    used 4627K, committed 4800K, reserved 1048576K
}
Event: 14.120 GC heap before
{Heap before GC invocations=10 (full 0):
 garbage-first heap   total 49152K, used 33762K [0x000000070a400000, 0x0000000800000000)
  region size 2048K, 10 young (20480K), 2 survivors (4096K)
 Metaspace       used 41883K, committed 42176K, reserved 1114112K
  class space    used 5421K, committed 5568K, reserved 1048576K
}
Event: 14.124 GC heap after
{Heap after GC invocations=11 (full 0):
 garbage-first heap   total 49152K, used 18679K [0x000000070a400000, 0x0000000800000000)
  region size 2048K, 1 young (2048K), 1 survivors (2048K)
 Metaspace       used 41883K, committed 42176K, reserved 1114112K
  class space    used 5421K, committed 5568K, reserved 1048576K
}
Event: 14.309 GC heap before
{Heap before GC invocations=11 (full 0):
 garbage-first heap   total 49152K, used 20727K [0x000000070a400000, 0x0000000800000000)
  region size 2048K, 2 young (4096K), 1 survivors (2048K)
 Metaspace       used 42600K, committed 42944K, reserved 1114112K
  class space    used 5487K, committed 5632K, reserved 1048576K
}
Event: 14.313 GC heap after
{Heap after GC invocations=12 (full 0):
 garbage-first heap   total 49152K, used 18627K [0x000000070a400000, 0x0000000800000000)
  region size 2048K, 1 young (2048K), 1 survivors (2048K)
 Metaspace       used 42600K, committed 42944K, reserved 1114112K
  class space    used 5487K, committed 5632K, reserved 1048576K
}
Event: 15.437 GC heap before
{Heap before GC invocations=12 (full 0):
 garbage-first heap   total 49152K, used 35011K [0x000000070a400000, 0x0000000800000000)
  region size 2048K, 9 young (18432K), 1 survivors (2048K)
 Metaspace       used 46889K, committed 47168K, reserved 1114112K
  class space    used 6171K, committed 6336K, reserved 1048576K
}
Event: 15.440 GC heap after
{Heap after GC invocations=13 (full 0):
 garbage-first heap   total 49152K, used 19253K [0x000000070a400000, 0x0000000800000000)
  region size 2048K, 1 young (2048K), 1 survivors (2048K)
 Metaspace       used 46889K, committed 47168K, reserved 1114112K
  class space    used 6171K, committed 6336K, reserved 1048576K
}
Event: 16.415 GC heap before
{Heap before GC invocations=13 (full 0):
 garbage-first heap   total 49152K, used 35637K [0x000000070a400000, 0x0000000800000000)
  region size 2048K, 9 young (18432K), 1 survivors (2048K)
 Metaspace       used 49580K, committed 49920K, reserved 1114112K
  class space    used 6546K, committed 6720K, reserved 1048576K
}
Event: 16.421 GC heap after
{Heap after GC invocations=14 (full 0):
 garbage-first heap   total 49152K, used 20718K [0x000000070a400000, 0x0000000800000000)
  region size 2048K, 2 young (4096K), 2 survivors (4096K)
 Metaspace       used 49580K, committed 49920K, reserved 1114112K
  class space    used 6546K, committed 6720K, reserved 1048576K
}
Event: 17.518 GC heap before
{Heap before GC invocations=14 (full 0):
 garbage-first heap   total 49152K, used 35054K [0x000000070a400000, 0x0000000800000000)
  region size 2048K, 9 young (18432K), 2 survivors (4096K)
 Metaspace       used 51663K, committed 52096K, reserved 1114112K
  class space    used 6836K, committed 7040K, reserved 1048576K
}
Event: 17.522 GC heap after
{Heap after GC invocations=15 (full 0):
 garbage-first heap   total 49152K, used 22322K [0x000000070a400000, 0x0000000800000000)
  region size 2048K, 2 young (4096K), 2 survivors (4096K)
 Metaspace       used 51663K, committed 52096K, reserved 1114112K
  class space    used 6836K, committed 7040K, reserved 1048576K
}

Deoptimization events (20 events):
Event: 17.367 Thread 0x000001574b18ffc0 Uncommon trap: trap_request=0xffffff45 fr.pc=0x000001577226ed9c relative=0x00000000000001bc
Event: 17.367 Thread 0x000001574b18ffc0 Uncommon trap: reason=unstable_if action=reinterpret pc=0x000001577226ed9c method=org.springframework.core.annotation.AnnotationsScanner.isWithoutHierarchy(Ljava/lang/reflect/AnnotatedElement;Lorg/springframework/core/annotation/MergedAnnotations$SearchSt
Event: 17.368 Thread 0x000001574b18ffc0 DEOPT PACKING pc=0x000001577226ed9c sp=0x00000035670fe150
Event: 17.368 Thread 0x000001574b18ffc0 DEOPT UNPACKING pc=0x00000157719623a3 sp=0x00000035670fe0e0 mode 2
Event: 17.449 Thread 0x000001574b18ffc0 Uncommon trap: trap_request=0xffffff76 fr.pc=0x0000015772326394 relative=0x0000000000000634
Event: 17.449 Thread 0x000001574b18ffc0 Uncommon trap: reason=predicate action=maybe_recompile pc=0x0000015772326394 method=java.util.TreeMap.getEntryUsingComparator(Ljava/lang/Object;)Ljava/util/TreeMap$Entry; @ 19 c2
Event: 17.449 Thread 0x000001574b18ffc0 DEOPT PACKING pc=0x0000015772326394 sp=0x00000035670fcd80
Event: 17.449 Thread 0x000001574b18ffc0 DEOPT UNPACKING pc=0x00000157719623a3 sp=0x00000035670fcd20 mode 2
Event: 17.506 Thread 0x000001574b18ffc0 Uncommon trap: trap_request=0xffffff45 fr.pc=0x00000157720fa760 relative=0x0000000000000060
Event: 17.506 Thread 0x000001574b18ffc0 Uncommon trap: reason=unstable_if action=reinterpret pc=0x00000157720fa760 method=org.springframework.util.ConcurrentReferenceHashMap$Segment.clear()V @ 7 c2
Event: 17.506 Thread 0x000001574b18ffc0 DEOPT PACKING pc=0x00000157720fa760 sp=0x00000035670fe4f0
Event: 17.506 Thread 0x000001574b18ffc0 DEOPT UNPACKING pc=0x00000157719623a3 sp=0x00000035670fe480 mode 2
Event: 18.835 Thread 0x000001574b191400 Uncommon trap: trap_request=0xffffffbe fr.pc=0x0000015772177d84 relative=0x0000000000002764
Event: 18.835 Thread 0x000001574b191400 Uncommon trap: reason=profile_predicate action=maybe_recompile pc=0x0000015772177d84 method=java.util.TreeMap.put(Ljava/lang/Object;Ljava/lang/Object;Z)Ljava/lang/Object; @ 27 c2
Event: 18.835 Thread 0x000001574b191400 DEOPT PACKING pc=0x0000015772177d84 sp=0x00000035682fef40
Event: 18.835 Thread 0x000001574b191400 DEOPT UNPACKING pc=0x00000157719623a3 sp=0x00000035682fef00 mode 2
Event: 18.835 Thread 0x000001574b191400 Uncommon trap: trap_request=0xffffffbe fr.pc=0x0000015772177d84 relative=0x0000000000002764
Event: 18.835 Thread 0x000001574b191400 Uncommon trap: reason=profile_predicate action=maybe_recompile pc=0x0000015772177d84 method=java.util.TreeMap.put(Ljava/lang/Object;Ljava/lang/Object;Z)Ljava/lang/Object; @ 27 c2
Event: 18.835 Thread 0x000001574b191400 DEOPT PACKING pc=0x0000015772177d84 sp=0x00000035682fef40
Event: 18.835 Thread 0x000001574b191400 DEOPT UNPACKING pc=0x00000157719623a3 sp=0x00000035682fef00 mode 2

Classes unloaded (0 events):
No events

Classes redefined (0 events):
No events

Internal exceptions (20 events):
Event: 15.397 Thread 0x000001574b18ffc0 Exception <a 'java/lang/NoSuchMethodError'{0x000000070c324768}: 'int java.lang.invoke.DirectMethodHandle$Holder.invokeStatic(java.lang.Object, java.lang.Object, int)'> (0x000000070c324768) 
thrown [s\open\src\hotspot\share\interpreter\linkResolver.cpp, line 759]
Event: 15.423 Thread 0x000001574b18ffc0 Exception <a 'java/lang/NoSuchMethodError'{0x000000070c3a8938}: 'java.lang.Object java.lang.invoke.DirectMethodHandle$Holder.invokeStaticInit(java.lang.Object, java.lang.Object, java.lang.Object, java.lang.Object, int, int)'> (0x000000070c3a8938) 
thrown [s\open\src\hotspot\share\interpreter\linkResolver.cpp, line 759]
Event: 15.454 Thread 0x000001574b18ffc0 Exception <a 'java/lang/NoSuchMethodError'{0x0000000719844eb8}: 'void java.lang.invoke.DirectMethodHandle$Holder.invokeStaticInit(java.lang.Object, java.lang.Object, java.lang.Object, java.lang.Object)'> (0x0000000719844eb8) 
thrown [s\open\src\hotspot\share\interpreter\linkResolver.cpp, line 759]
Event: 15.994 Thread 0x000001574b18ffc0 Exception <a 'java/lang/ClassNotFoundException'{0x000000070c8736b8}: java/lang/ObjectCustomizer> (0x000000070c8736b8) 
thrown [s\open\src\hotspot\share\classfile\systemDictionary.cpp, line 256]
Event: 15.995 Thread 0x000001574b18ffc0 Exception <a 'java/lang/ClassNotFoundException'{0x000000070c87aec0}: org/springframework/web/servlet/config/annotation/WebMvcConfigurationSupportCustomizer> (0x000000070c87aec0) 
thrown [s\open\src\hotspot\share\classfile\systemDictionary.cpp, line 256]
Event: 15.997 Thread 0x000001574b18ffc0 Exception <a 'java/lang/ClassNotFoundException'{0x000000070c88ea58}: org/springframework/web/servlet/config/annotation/DelegatingWebMvcConfigurationCustomizer> (0x000000070c88ea58) 
thrown [s\open\src\hotspot\share\classfile\systemDictionary.cpp, line 256]
Event: 15.998 Thread 0x000001574b18ffc0 Exception <a 'java/lang/ClassNotFoundException'{0x000000070c897790}: org/springframework/boot/autoconfigure/web/servlet/WebMvcAutoConfiguration$EnableWebMvcConfigurationCustomizer> (0x000000070c897790) 
thrown [s\open\src\hotspot\share\classfile\systemDictionary.cpp, line 256]
Event: 16.000 Thread 0x000001574b18ffc0 Exception <a 'java/lang/ClassNotFoundException'{0x000000070c8aabe0}: org/springframework/context/ResourceLoaderAwareCustomizer> (0x000000070c8aabe0) 
thrown [s\open\src\hotspot\share\classfile\systemDictionary.cpp, line 256]
Event: 16.001 Thread 0x000001574b18ffc0 Exception <a 'java/lang/ClassNotFoundException'{0x000000070c8af700}: org/springframework/beans/factory/AwareCustomizer> (0x000000070c8af700) 
thrown [s\open\src\hotspot\share\classfile\systemDictionary.cpp, line 256]
Event: 16.002 Thread 0x000001574b18ffc0 Exception <a 'java/lang/ClassNotFoundException'{0x000000070c8b35a0}: org/springframework/context/ApplicationContextAwareCustomizer> (0x000000070c8b35a0) 
thrown [s\open\src\hotspot\share\classfile\systemDictionary.cpp, line 256]
Event: 16.004 Thread 0x000001574b18ffc0 Exception <a 'java/lang/ClassNotFoundException'{0x000000070c8b8bb0}: org/springframework/beans/factory/AwareCustomizer> (0x000000070c8b8bb0) 
thrown [s\open\src\hotspot\share\classfile\systemDictionary.cpp, line 256]
Event: 16.005 Thread 0x000001574b18ffc0 Exception <a 'java/lang/ClassNotFoundException'{0x000000070c8bca28}: org/springframework/web/context/ServletContextAwareCustomizer> (0x000000070c8bca28) 
thrown [s\open\src\hotspot\share\classfile\systemDictionary.cpp, line 256]
Event: 16.006 Thread 0x000001574b18ffc0 Exception <a 'java/lang/ClassNotFoundException'{0x000000070c8c1980}: org/springframework/beans/factory/AwareCustomizer> (0x000000070c8c1980) 
thrown [s\open\src\hotspot\share\classfile\systemDictionary.cpp, line 256]
Event: 16.547 Thread 0x000001574b18ffc0 Exception <a 'java/lang/NoSuchMethodError'{0x00000007198eb9d8}: 'void java.lang.invoke.DirectMethodHandle$Holder.invokeVirtual(java.lang.Object, java.lang.Object, int)'> (0x00000007198eb9d8) 
thrown [s\open\src\hotspot\share\interpreter\linkResolver.cpp, line 759]
Event: 16.558 Thread 0x000001574b18ffc0 Exception <a 'java/lang/NoSuchMethodError'{0x0000000719906fe8}: 'void java.lang.invoke.DirectMethodHandle$Holder.invokeVirtual(java.lang.Object, java.lang.Object, long)'> (0x0000000719906fe8) 
thrown [s\open\src\hotspot\share\interpreter\linkResolver.cpp, line 759]
Event: 16.983 Thread 0x000001574b18ffc0 Exception <a 'java/lang/IncompatibleClassChangeError'{0x000000071563e900}: Found class java.lang.Object, but interface was expected> (0x000000071563e900) 
thrown [s\open\src\hotspot\share\interpreter\linkResolver.cpp, line 826]
Event: 17.389 Thread 0x000001574b18ffc0 Exception <a 'java/lang/NoSuchMethodError'{0x000000070c6e7238}: 'java.lang.Object java.lang.invoke.DirectMethodHandle$Holder.invokeSpecial(java.lang.Object, java.lang.Object, int, java.lang.Object, int, java.lang.Object)'> (0x000000070c6e7238) 
thrown [s\open\src\hotspot\share\interpreter\linkResolver.cpp, line 759]
Event: 17.391 Thread 0x000001574b18ffc0 Exception <a 'java/lang/NoSuchMethodError'{0x000000070c6ef2e0}: 'java.lang.Object java.lang.invoke.DirectMethodHandle$Holder.newInvokeSpecial(java.lang.Object, java.lang.Object, int, java.lang.Object, int)'> (0x000000070c6ef2e0) 
thrown [s\open\src\hotspot\share\interpreter\linkResolver.cpp, line 759]
Event: 17.392 Thread 0x000001574b18ffc0 Exception <a 'java/lang/NoSuchMethodError'{0x000000070c6f33e0}: 'java.lang.Object java.lang.invoke.DirectMethodHandle$Holder.invokeSpecial(java.lang.Object, java.lang.Object, java.lang.Object, int, java.lang.Object, int)'> (0x000000070c6f33e0) 
thrown [s\open\src\hotspot\share\interpreter\linkResolver.cpp, line 759]
Event: 17.396 Thread 0x000001574b18ffc0 Exception <a 'java/lang/NoSuchMethodError'{0x000000070c6fd330}: 'void java.lang.invoke.DirectMethodHandle$Holder.invokeVirtual(java.lang.Object, java.lang.Object)'> (0x000000070c6fd330) 
thrown [s\open\src\hotspot\share\interpreter\linkResolver.cpp, line 759]

VM Operations (20 events):
Event: 152.742 Executing VM operation: Cleanup
Event: 152.743 Executing VM operation: Cleanup done
Event: 153.750 Executing VM operation: Cleanup
Event: 153.751 Executing VM operation: Cleanup done
Event: 178.957 Executing VM operation: Cleanup
Event: 178.957 Executing VM operation: Cleanup done
Event: 189.056 Executing VM operation: Cleanup
Event: 189.056 Executing VM operation: Cleanup done
Event: 206.196 Executing VM operation: Cleanup
Event: 206.196 Executing VM operation: Cleanup done
Event: 213.247 Executing VM operation: Cleanup
Event: 213.247 Executing VM operation: Cleanup done
Event: 216.266 Executing VM operation: Cleanup
Event: 216.266 Executing VM operation: Cleanup done
Event: 219.299 Executing VM operation: Cleanup
Event: 219.299 Executing VM operation: Cleanup done
Event: 268.664 Executing VM operation: Cleanup
Event: 268.664 Executing VM operation: Cleanup done
Event: 269.678 Executing VM operation: Cleanup
Event: 269.679 Executing VM operation: Cleanup done

Events (20 events):
Event: 17.536 loading class java/beans/WeakIdentityMap done
Event: 17.536 loading class java/beans/ThreadGroupContext$1 done
Event: 17.536 loading class java/beans/WeakIdentityMap$Entry
Event: 17.537 loading class java/beans/WeakIdentityMap$Entry done
Event: 17.542 loading class java/util/stream/LongStream
Event: 17.543 loading class java/util/stream/LongStream done
Event: 17.543 loading class java/util/stream/DoubleStream
Event: 17.543 loading class java/util/stream/DoubleStream done
Event: 17.544 Thread 0x000001574b192d50 Thread exited: 0x000001574b192d50
Event: 17.544 Thread 0x0000015762c0b840 Thread exited: 0x0000015762c0b840
Event: 17.545 Thread 0x000001574ff3c340 Thread added: 0x000001574ff3c340
Event: 18.333 Thread 0x000001574ff3dc90 Thread exited: 0x000001574ff3dc90
Event: 18.365 Thread 0x000001574fb13730 Thread exited: 0x000001574fb13730
Event: 18.365 Thread 0x000001574fb161b0 Thread exited: 0x000001574fb161b0
Event: 18.365 Thread 0x000001574fb15c60 Thread exited: 0x000001574fb15c60
Event: 18.365 Thread 0x000001574fb15710 Thread exited: 0x000001574fb15710
Event: 18.977 Thread 0x000001574fb16700 Thread exited: 0x000001574fb16700
Event: 20.008 Thread 0x000001574fb151c0 Thread exited: 0x000001574fb151c0
Event: 20.008 Thread 0x000001574cc74ef0 Thread exited: 0x000001574cc74ef0
Event: 21.489 Thread 0x000001574cc77970 Thread exited: 0x000001574cc77970


Dynamic libraries:
0x00007ff7a82c0000 - 0x00007ff7a82d0000 	C:\Program Files\Java\jdk-17\bin\javaw.exe
0x00007ff9d7980000 - 0x00007ff9d7be6000 	C:\WINDOWS\SYSTEM32\ntdll.dll
0x00007ff9d64c0000 - 0x00007ff9d6589000 	C:\WINDOWS\System32\KERNEL32.DLL
0x00007ff9d5140000 - 0x00007ff9d5540000 	C:\WINDOWS\System32\KERNELBASE.dll
0x00007ff9d5550000 - 0x00007ff9d569c000 	C:\WINDOWS\System32\ucrtbase.dll
0x00007ff9cf8c0000 - 0x00007ff9cf8d9000 	C:\Program Files\Java\jdk-17\bin\jli.dll
0x00007ff9cf8e0000 - 0x00007ff9cf8fb000 	C:\Program Files\Java\jdk-17\bin\VCRUNTIME140.dll
0x00007ff9d63b0000 - 0x00007ff9d6467000 	C:\WINDOWS\System32\ADVAPI32.dll
0x00007ff9d7870000 - 0x00007ff9d7919000 	C:\WINDOWS\System32\msvcrt.dll
0x00007ff9d7560000 - 0x00007ff9d760a000 	C:\WINDOWS\System32\sechost.dll
0x00007ff9d7610000 - 0x00007ff9d7728000 	C:\WINDOWS\System32\RPCRT4.dll
0x00007ff9d5dc0000 - 0x00007ff9d5f87000 	C:\WINDOWS\System32\USER32.dll
0x00007ff9bde60000 - 0x00007ff9be0f2000 	C:\WINDOWS\WinSxS\amd64_microsoft.windows.common-controls_6595b64144ccf1df_6.0.26100.8737_none_3e092eaee333b772\COMCTL32.dll
0x00007ff9d4c50000 - 0x00007ff9d4c77000 	C:\WINDOWS\System32\win32u.dll
0x00007ff9d6ae0000 - 0x00007ff9d6b0b000 	C:\WINDOWS\System32\GDI32.dll
0x00007ff9d5010000 - 0x00007ff9d5139000 	C:\WINDOWS\System32\gdi32full.dll
0x00007ff9d4ba0000 - 0x00007ff9d4c43000 	C:\WINDOWS\System32\msvcp_win.dll
0x00007ff9ccc70000 - 0x00007ff9ccc7b000 	C:\WINDOWS\SYSTEM32\VERSION.dll
0x00007ff9d5f90000 - 0x00007ff9d5fc2000 	C:\WINDOWS\System32\IMM32.DLL
0x00007ff9cf8b0000 - 0x00007ff9cf8bc000 	C:\Program Files\Java\jdk-17\bin\vcruntime140_1.dll
0x00007ff92ad10000 - 0x00007ff92ad9e000 	C:\Program Files\Java\jdk-17\bin\msvcp140.dll
0x00007ff8ff9e0000 - 0x00007ff9005c0000 	C:\Program Files\Java\jdk-17\bin\server\jvm.dll
0x00007ff9d7860000 - 0x00007ff9d7868000 	C:\WINDOWS\System32\PSAPI.DLL
0x00007ff9c6600000 - 0x00007ff9c660a000 	C:\WINDOWS\SYSTEM32\WSOCK32.dll
0x00007ff9cc820000 - 0x00007ff9cc856000 	C:\WINDOWS\SYSTEM32\WINMM.dll
0x00007ff9d6590000 - 0x00007ff9d6610000 	C:\WINDOWS\System32\WS2_32.dll
0x00007ff9d3880000 - 0x00007ff9d389b000 	C:\WINDOWS\SYSTEM32\kernel.appcore.dll
0x00007ff9cf8a0000 - 0x00007ff9cf8aa000 	C:\Program Files\Java\jdk-17\bin\jimage.dll
0x00007ff9c71c0000 - 0x00007ff9c7402000 	C:\WINDOWS\SYSTEM32\DBGHELP.DLL
0x00007ff9d5890000 - 0x00007ff9d5c13000 	C:\WINDOWS\System32\combase.dll
0x00007ff9d6240000 - 0x00007ff9d6319000 	C:\WINDOWS\System32\OLEAUT32.dll
0x00007ff9c6770000 - 0x00007ff9c67ab000 	C:\WINDOWS\SYSTEM32\dbgcore.DLL
0x00007ff9d4f50000 - 0x00007ff9d4ffc000 	C:\WINDOWS\System32\bcryptPrimitives.dll
0x00007ff940d10000 - 0x00007ff940d35000 	C:\Program Files\Java\jdk-17\bin\java.dll
0x00007ff92a900000 - 0x00007ff92a9d7000 	C:\Program Files\Java\jdk-17\bin\jsvml.dll
0x00007ff9d6dc0000 - 0x00007ff9d7552000 	C:\WINDOWS\System32\SHELL32.dll
0x00007ff9d2640000 - 0x00007ff9d2ed2000 	C:\WINDOWS\SYSTEM32\windows.storage.dll
0x00007ff9d5ca0000 - 0x00007ff9d5d97000 	C:\WINDOWS\System32\SHCORE.dll
0x00007ff9d77f0000 - 0x00007ff9d7857000 	C:\WINDOWS\System32\shlwapi.dll
0x00007ff9d4ac0000 - 0x00007ff9d4ae9000 	C:\WINDOWS\SYSTEM32\profapi.dll
0x00007ff988d10000 - 0x00007ff988d29000 	C:\Program Files\Java\jdk-17\bin\net.dll
0x00007ff9cd8d0000 - 0x00007ff9cd9f9000 	C:\WINDOWS\SYSTEM32\WINHTTP.dll
0x00007ff9d3e30000 - 0x00007ff9d3e9c000 	C:\WINDOWS\system32\mswsock.dll
0x00007ff988cf0000 - 0x00007ff988d06000 	C:\Program Files\Java\jdk-17\bin\nio.dll
0x00007ff941660000 - 0x00007ff941678000 	C:\Program Files\Java\jdk-17\bin\zip.dll
0x00007ff98b610000 - 0x00007ff98b620000 	C:\Program Files\Java\jdk-17\bin\verify.dll
0x00007ff9cf9d0000 - 0x00007ff9cf9da000 	C:\Program Files\Java\jdk-17\bin\management.dll
0x00007ff9cf9c0000 - 0x00007ff9cf9cb000 	C:\Program Files\Java\jdk-17\bin\management_ext.dll
0x00007ff9aeea0000 - 0x00007ff9aeeb8000 	C:\WINDOWS\system32\napinsp.dll
0x00007ff9d3320000 - 0x00007ff9d3475000 	C:\WINDOWS\SYSTEM32\DNSAPI.dll
0x00007ff9d3c10000 - 0x00007ff9d3c1d000 	C:\WINDOWS\SYSTEM32\DSPARSE.dll
0x00007ff9d3280000 - 0x00007ff9d32b3000 	C:\WINDOWS\SYSTEM32\IPHLPAPI.DLL
0x00007ff9d6d50000 - 0x00007ff9d6d5a000 	C:\WINDOWS\System32\NSI.dll
0x00007ff9aee80000 - 0x00007ff9aee93000 	C:\WINDOWS\System32\winrnr.dll
0x00007ff9aecd0000 - 0x00007ff9aecf2000 	C:\WINDOWS\system32\nlansp_c.dll
0x00007ff9c9f80000 - 0x00007ff9c9f96000 	C:\WINDOWS\system32\wshbth.dll
0x00007ff9ccc60000 - 0x00007ff9ccc6b000 	C:\Windows\System32\rasadhlp.dll
0x00007ff9ce240000 - 0x00007ff9ce2c6000 	C:\WINDOWS\System32\fwpuclnt.dll
0x00007ff9d4130000 - 0x00007ff9d414b000 	C:\WINDOWS\SYSTEM32\CRYPTSP.dll
0x00007ff9d37e0000 - 0x00007ff9d3819000 	C:\WINDOWS\system32\rsaenh.dll
0x00007ff9d3ef0000 - 0x00007ff9d3f22000 	C:\WINDOWS\SYSTEM32\USERENV.dll
0x00007ff9d4a90000 - 0x00007ff9d4aba000 	C:\WINDOWS\SYSTEM32\bcrypt.dll
0x00007ff9d4150000 - 0x00007ff9d415c000 	C:\WINDOWS\SYSTEM32\CRYPTBASE.dll
0x00007ff9ce160000 - 0x00007ff9ce17d000 	C:\WINDOWS\SYSTEM32\dhcpcsvc6.DLL
0x00007ff9ce120000 - 0x00007ff9ce145000 	C:\WINDOWS\SYSTEM32\dhcpcsvc.DLL
0x00007ff9cf990000 - 0x00007ff9cf99e000 	C:\Program Files\Java\jdk-17\bin\sunmscapi.dll
0x00007ff9d4c80000 - 0x00007ff9d4df8000 	C:\WINDOWS\System32\CRYPT32.dll
0x00007ff9d4370000 - 0x00007ff9d43a0000 	C:\WINDOWS\SYSTEM32\ncrypt.dll
0x00007ff9d4320000 - 0x00007ff9d435f000 	C:\WINDOWS\SYSTEM32\NTASN1.dll
0x00007ff98b290000 - 0x00007ff98b298000 	C:\WINDOWS\system32\wshunix.dll

dbghelp: loaded successfully - version: 4.0.5 - missing functions: none
symbol engine: initialized successfully - sym options: 0x614 - pdb path: .;C:\Program Files\Java\jdk-17\bin;C:\WINDOWS\SYSTEM32;C:\WINDOWS\WinSxS\amd64_microsoft.windows.common-controls_6595b64144ccf1df_6.0.26100.8737_none_3e092eaee333b772;C:\Program Files\Java\jdk-17\bin\server

VM Arguments:
jvm_args: -Dfile.encoding=UTF-8 -Dstdout.encoding=UTF-8 -Dstderr.encoding=UTF-8 -XX:+ShowCodeDetailsInExceptionMessages 
java_command: com.tka.sams.api.SamsTrackApplication
java_class_path (initial): C:\Users\Dell\OneDrive\Desktop\SAMSTRACK_API\target\classes;C:\Users\Dell\.m2\repository\org\springframework\boot\spring-boot-starter-data-jpa\2.5.6\spring-boot-starter-data-jpa-2.5.6.jar;C:\Users\Dell\.m2\repository\org\springframework\boot\spring-boot-starter-aop\2.5.6\spring-boot-starter-aop-2.5.6.jar;C:\Users\Dell\.m2\repository\org\springframework\spring-aop\5.3.12\spring-aop-5.3.12.jar;C:\Users\Dell\.m2\repository\org\aspectj\aspectjweaver\1.9.7\aspectjweaver-1.9.7.jar;C:\Users\Dell\.m2\repository\org\springframework\boot\spring-boot-starter-jdbc\2.5.6\spring-boot-starter-jdbc-2.5.6.jar;C:\Users\Dell\.m2\repository\com\zaxxer\HikariCP\4.0.3\HikariCP-4.0.3.jar;C:\Users\Dell\.m2\repository\org\springframework\spring-jdbc\5.3.12\spring-jdbc-5.3.12.jar;C:\Users\Dell\.m2\repository\jakarta\transaction\jakarta.transaction-api\1.3.3\jakarta.transaction-api-1.3.3.jar;C:\Users\Dell\.m2\repository\jakarta\persistence\jakarta.persistence-api\2.2.3\jakarta.persistence-api-2.2.3.jar;C:\Users\Dell\.m2\repository\org\hibernate\hibernate-core\5.4.32.Final\hibernate-core-5.4.32.Final.jar;C:\Users\Dell\.m2\repository\org\jboss\logging\jboss-logging\3.4.2.Final\jboss-logging-3.4.2.Final.jar;C:\Users\Dell\.m2\repository\org\javassist\javassist\3.27.0-GA\javassist-3.27.0-GA.jar;C:\Users\Dell\.m2\repository\net\bytebuddy\byte-buddy\1.10.22\byte-buddy-1.10.22.jar;C:\Users\Dell\.m2\repository\antlr\antlr\2.7.7\antlr-2.7.7.jar;C:\Users\Dell\.m2\repository\org\jboss\jandex\2.2.3.Final\jandex-2.2.3.Final.jar;C:\Users\Dell\.m2\repository\com\fasterxml\classmate\1.5.1\classmate-1.5.1.jar;C:\Users\Dell\.m2\repository\org\dom4j\dom4j\2.1.3\dom4j-2.1.3.jar;C:\Users\Dell\.m2\repository\org\hibernate\common\hibernate-commons-annotations\5.1.2.Final\hibernate-commons-annotations-5.1.2.Final.jar;C:\Users\Dell\.m2\repository\org\glassfish\jaxb\jaxb-runtime\2.3.5\jaxb-runtime-2.3.5.jar;C:\Users\Dell\.m2\repository\org\glassfish\jaxb\txw2\2.3.5\txw2-2.3.5.jar;C:\Users\D
Launcher Type: SUN_STANDARD

[Global flags]
     intx CICompilerCount                          = 12                                        {product} {ergonomic}
     uint ConcGCThreads                            = 3                                         {product} {ergonomic}
     uint G1ConcRefinementThreads                  = 13                                        {product} {ergonomic}
   size_t G1HeapRegionSize                         = 2097152                                   {product} {ergonomic}
    uintx GCDrainStackTargetSize                   = 64                                        {product} {ergonomic}
   size_t InitialHeapSize                          = 257949696                                 {product} {ergonomic}
   size_t MarkStackSize                            = 4194304                                   {product} {ergonomic}
   size_t MaxHeapSize                              = 4123000832                                {product} {ergonomic}
   size_t MaxNewSize                               = 2472542208                                {product} {ergonomic}
   size_t MinHeapDeltaBytes                        = 2097152                                   {product} {ergonomic}
   size_t MinHeapSize                              = 8388608                                   {product} {ergonomic}
    uintx NonNMethodCodeHeapSize                   = 7602480                                {pd product} {ergonomic}
    uintx NonProfiledCodeHeapSize                  = 122027880                              {pd product} {ergonomic}
    uintx ProfiledCodeHeapSize                     = 122027880                              {pd product} {ergonomic}
    uintx ReservedCodeCacheSize                    = 251658240                              {pd product} {ergonomic}
     bool SegmentedCodeCache                       = true                                      {product} {ergonomic}
     bool ShowCodeDetailsInExceptionMessages       = true                                   {manageable} {command line}
   size_t SoftMaxHeapSize                          = 4123000832                             {manageable} {ergonomic}
     bool UseCompressedClassPointers               = true                           {product lp64_product} {ergonomic}
     bool UseCompressedOops                        = true                           {product lp64_product} {ergonomic}
     bool UseG1GC                                  = true                                      {product} {ergonomic}
     bool UseLargePagesIndividualAllocation        = false                                  {pd product} {ergonomic}

Logging:
Log output configuration:
 #0: stdout all=warning uptime,level,tags
 #1: stderr all=off uptime,level,tags

Environment Variables:
PATH=C:/Users/Dell/OneDrive/Desktop/eclipse//plugins/org.eclipse.justj.openjdk.hotspot.jre.full.win32.x86_64_21.0.7.v20250502-0916/jre/bin/server;C:/Users/Dell/OneDrive/Desktop/eclipse//plugins/org.eclipse.justj.openjdk.hotspot.jre.full.win32.x86_64_21.0.7.v20250502-0916/jre/bin;C:\Program Files\Common Files\Oracle\Java\javapath;C:\WINDOWS\system32;C:\WINDOWS;C:\WINDOWS\System32\Wbem;C:\WINDOWS\System32\WindowsPowerShell\v1.0\;C:\WINDOWS\System32\OpenSSH\;C:\Program Files\dotnet\;C:\Program Files\Java\jdk-23\bin;C:\Program Files\Git\cmd;C:\Program Files\nodejs\;C:\Program Files\MySQL\MySQL Shell 8.0\bin\;C:\Users\Dell\AppData\Local\Microsoft\WindowsApps;C:\Program Files\Java\jdk-23\bin;C:\Users\Dell\AppData\Roaming\npm;C:\Users\Dell\AppData\Local\Programs\Microsoft VS Code\bin;C:\Users\Dell\OneDrive\Desktop\eclipse;
USERNAME=Dell
OS=Windows_NT
PROCESSOR_IDENTIFIER=AMD64 Family 23 Model 104 Stepping 1, AuthenticAMD



---------------  S Y S T E M  ---------------

OS:
 Windows 11 , 64 bit Build 26100 (10.0.26100.8737)
OS uptime: 0 days 0:15 hours
Hyper-V role detected

CPU: total 16 (initial active 16) (16 cores per cpu, 2 threads per core) family 23 model 104 stepping 1 microcode 0x8608109, cx8, cmov, fxsr, ht, mmx, 3dnowpref, sse, sse2, sse3, ssse3, sse4a, sse4.1, sse4.2, popcnt, lzcnt, tsc, tscinvbit, avx, avx2, aes, clmul, bmi1, bmi2, adx, sha, fma, vzeroupper, clflush, clflushopt, hv

Memory: 4k page, system-wide physical 15720M (3580M free)
TotalPageFile size 15720M (AvailPageFile size 2M)
current process WorkingSet (physical memory assigned to process): 190M, peak: 293M
current process commit charge ("private bytes"): 233M, peak: 430M

vm_info: Java HotSpot(TM) 64-Bit Server VM (17.0.12+8-LTS-286) for windows-amd64 JRE (17.0.12+8-LTS-286), built on Jun  5 2024 06:46:59 by "mach5one" with MS VC++ 17.6 (VS2022)

END.
